<?xml version="1.0"?>
<testsuites>
  <testsuite name="PhantomJS 1.9.7 (Linux 0.0.0)" package="unit" timestamp="2016-08-05T06:28:50" id="0" hostname="localhost.localdomain" tests="16" errors="1" failures="16" time="0.048">
    <properties>
      <property name="browser.fullName" value="Mozilla/5.0 (Unknown; Linux x86_64) AppleWebKit/534.34 (KHTML, like Gecko) PhantomJS/1.9.7 Safari/534.34"/>
    </properties>
    <testcase name="will fetch context root with default url and rootEntityId null" time="0.019" classname="unit PhantomJS 1.9.7 (Linux 0.0.0).The Predix Asset Service with predix asset service when getting asset root">
      <failure type="">Error: [$injector:modulerr] Failed to instantiate module ngMock due to:
Error: [$injector:unpr] Unknown provider: $$asyncCallbackProvider
http://errors.angularjs.org/1.4.9/$injector/unpr?p0=%24%24asyncCallbackProvider
    at /predix/predix/lili/seed-ui/public/bower_components/angular/angular.js:4346
    at getService (/predix/predix/lili/seed-ui/public/bower_components/angular/angular.js:4494)
    at decorator (/predix/predix/lili/seed-ui/public/bower_components/angular/angular.js:4416)
    at /predix/predix/lili/seed-ui/public/bower_components/angular-mocks/angular-mocks.js:1947
    at invoke (/predix/predix/lili/seed-ui/public/bower_components/angular/angular.js:4535)
    at runInvokeQueue (/predix/predix/lili/seed-ui/public/bower_components/angular/angular.js:4441)
    at /predix/predix/lili/seed-ui/public/bower_components/angular/angular.js:4450
    at forEach (/predix/predix/lili/seed-ui/public/bower_components/angular/angular.js:341)
    at loadModules (/predix/predix/lili/seed-ui/public/bower_components/angular/angular.js:4473)
    at createInjector (/predix/predix/lili/seed-ui/public/bower_components/angular/angular.js:4356)
    at workFn (/predix/predix/lili/seed-ui/public/bower_components/angular-mocks/angular-mocks.js:2464)
http://errors.angularjs.org/1.4.9/$injector/modulerr?p0=ngMock&amp;p1=Error%3A%20%5B%24injector%3Aunpr%5D%20Unknown%20provider%3A%20%24%24asyncCallbackProvider%0Ahttp%3A%2F%2Ferrors.angularjs.org%2F1.4.9%2F%24injector%2Funpr%3Fp0%3D%2524%2524asyncCallbackProvider%0A%20%20%20%20at%20http%3A%2F%2Flocalhost%3A9876%2Fbase%2Fpublic%2Fbower_components%2Fangular%2Fangular.js%3Fe31910da13287c52bd9465004668e81e9b85d0f8%3A4346%0A%20%20%20%20at%20getService%20(http%3A%2F%2Flocalhost%3A9876%2Fbase%2Fpublic%2Fbower_components%2Fangular%2Fangular.js%3Fe31910da13287c52bd9465004668e81e9b85d0f8%3A4494)%0A%20%20%20%20at%20decorator%20(http%3A%2F%2Flocalhost%3A9876%2Fbase%2Fpublic%2Fbower_components%2Fangular%2Fangular.js%3Fe31910da13287c52bd9465004668e81e9b85d0f8%3A4416)%0A%20%20%20%20at%20http%3A%2F%2Flocalhost%3A9876%2Fbase%2Fpublic%2Fbower_components%2Fangular-mocks%2Fangular-mocks.js%3F9e9911cea3845a1d5dec76f3cf2dfaa60fd9c669%3A1947%0A%20%20%20%20at%20invoke%20(http%3A%2F%2Flocalhost%3A9876%2Fbase%2Fpublic%2Fbower_components%2Fangular%2Fangular.js%3Fe31910da13287c52bd9465004668e81e9b85d0f8%3A4535)%0A%20%20%20%20at%20runInvokeQueue%20(http%3A%2F%2Flocalhost%3A9876%2Fbase%2Fpublic%2Fbower_components%2Fangular%2Fangular.js%3Fe31910da13287c52bd9465004668e81e9b85d0f8%3A4441)%0A%20%20%20%20at%20http%3A%2F%2Flocalhost%3A9876%2Fbase%2Fpublic%2Fbower_components%2Fangular%2Fangular.js%3Fe31910da13287c52bd9465004668e81e9b85d0f8%3A4450%0A%20%20%20%20at%20forEach%20(http%3A%2F%2Flocalhost%3A9876%2Fbase%2Fpublic%2Fbower_components%2Fangular%2Fangular.js%3Fe31910da13287c52bd9465004668e81e9b85d0f8%3A341)%0A%20%20%20%20at%20loadModules%20(http%3A%2F%2Flocalhost%3A9876%2Fbase%2Fpublic%2Fbower_components%2Fangular%2Fangular.js%3Fe31910da13287c52bd9465004668e81e9b85d0f8%3A4473)%0A%20%20%20%20at%20createInjector%20(http%3A%2F%2Flocalhost%3A9876%2Fbase%2Fpublic%2Fbower_components%2Fangular%2Fangular.js%3Fe31910da13287c52bd9465004668e81e9b85d0f8%3A4356)%0A%20%20%20%20at%20workFn%20(http%3A%2F%2Flocalhost%3A9876%2Fbase%2Fpublic%2Fbower_components%2Fangular-mocks%2Fangular-mocks.js%3F9e9911cea3845a1d5dec76f3cf2dfaa60fd9c669%3A2464)%0A%20%20%20%20at%20http%3A%2F%2Flocalhost%3A9876%2Fbase%2Fnode_modules%2Fkarma-jasmine%2Flib%2Fjasmine.js%3F437512c57124d57f5ec77e2e82bfb4e3cdd15cce%3A1145%0A%20%20%20%20at%20http%3A%2F%2Flocalhost%3A9876%2Fbase%2Fnode_modules%2Fkarma-jasmine%2Flib%2Fjasmine.js%3F437512c57124d57f5ec77e2e82bfb4e3cdd15cce%3A2177%0A%20%20%20%20at%20http%3A%2F%2Flocalhost%3A9876%2Fbase%2Fnode_modules%2Fkarma-jasmine%2Flib%2Fjasmine.js%3F437512c57124d57f5ec77e2e82bfb4e3cdd15cce%3A2167
    at /predix/predix/lili/seed-ui/public/bower_components/angular/angular.js:4471
    at forEach (/predix/predix/lili/seed-ui/public/bower_components/angular/angular.js:341)
    at loadModules (/predix/predix/lili/seed-ui/public/bower_components/angular/angular.js:4473)
    at createInjector (/predix/predix/lili/seed-ui/public/bower_components/angular/angular.js:4356)
    at workFn (/predix/predix/lili/seed-ui/public/bower_components/angular-mocks/angular-mocks.js:2464)
</failure>
      <failure type="">TypeError: &apos;undefined&apos; is not an object (evaluating &apos;$httpBackend.when&apos;)
    at /predix/predix/lili/seed-ui/public/scripts/modules/sample-module/spec/predix-asset-service-spec.js:9
</failure>
      <failure type="">TypeError: &apos;undefined&apos; is not an object (evaluating &apos;$httpBackend.expectGET&apos;)
    at /predix/predix/lili/seed-ui/public/scripts/modules/sample-module/spec/predix-asset-service-spec.js:9
</failure>
    </testcase>
    <testcase name="will resolve the promise with the default transformed data" time="0.003" classname="unit PhantomJS 1.9.7 (Linux 0.0.0).The Predix Asset Service with predix asset service when getting asset root">
      <failure type="">Error: [$injector:modulerr] Failed to instantiate module ngMock due to:
Error: [$injector:unpr] Unknown provider: $$asyncCallbackProvider
http://errors.angularjs.org/1.4.9/$injector/unpr?p0=%24%24asyncCallbackProvider
    at /predix/predix/lili/seed-ui/public/bower_components/angular/angular.js:4346
    at getService (/predix/predix/lili/seed-ui/public/bower_components/angular/angular.js:4494)
    at decorator (/predix/predix/lili/seed-ui/public/bower_components/angular/angular.js:4416)
    at /predix/predix/lili/seed-ui/public/bower_components/angular-mocks/angular-mocks.js:1947
    at invoke (/predix/predix/lili/seed-ui/public/bower_components/angular/angular.js:4535)
    at runInvokeQueue (/predix/predix/lili/seed-ui/public/bower_components/angular/angular.js:4441)
    at /predix/predix/lili/seed-ui/public/bower_components/angular/angular.js:4450
    at forEach (/predix/predix/lili/seed-ui/public/bower_components/angular/angular.js:341)
    at loadModules (/predix/predix/lili/seed-ui/public/bower_components/angular/angular.js:4473)
    at createInjector (/predix/predix/lili/seed-ui/public/bower_components/angular/angular.js:4356)
    at workFn (/predix/predix/lili/seed-ui/public/bower_components/angular-mocks/angular-mocks.js:2464)
http://errors.angularjs.org/1.4.9/$injector/modulerr?p0=ngMock&amp;p1=Error%3A%20%5B%24injector%3Aunpr%5D%20Unknown%20provider%3A%20%24%24asyncCallbackProvider%0Ahttp%3A%2F%2Ferrors.angularjs.org%2F1.4.9%2F%24injector%2Funpr%3Fp0%3D%2524%2524asyncCallbackProvider%0A%20%20%20%20at%20http%3A%2F%2Flocalhost%3A9876%2Fbase%2Fpublic%2Fbower_components%2Fangular%2Fangular.js%3Fe31910da13287c52bd9465004668e81e9b85d0f8%3A4346%0A%20%20%20%20at%20getService%20(http%3A%2F%2Flocalhost%3A9876%2Fbase%2Fpublic%2Fbower_components%2Fangular%2Fangular.js%3Fe31910da13287c52bd9465004668e81e9b85d0f8%3A4494)%0A%20%20%20%20at%20decorator%20(http%3A%2F%2Flocalhost%3A9876%2Fbase%2Fpublic%2Fbower_components%2Fangular%2Fangular.js%3Fe31910da13287c52bd9465004668e81e9b85d0f8%3A4416)%0A%20%20%20%20at%20http%3A%2F%2Flocalhost%3A9876%2Fbase%2Fpublic%2Fbower_components%2Fangular-mocks%2Fangular-mocks.js%3F9e9911cea3845a1d5dec76f3cf2dfaa60fd9c669%3A1947%0A%20%20%20%20at%20invoke%20(http%3A%2F%2Flocalhost%3A9876%2Fbase%2Fpublic%2Fbower_components%2Fangular%2Fangular.js%3Fe31910da13287c52bd9465004668e81e9b85d0f8%3A4535)%0A%20%20%20%20at%20runInvokeQueue%20(http%3A%2F%2Flocalhost%3A9876%2Fbase%2Fpublic%2Fbower_components%2Fangular%2Fangular.js%3Fe31910da13287c52bd9465004668e81e9b85d0f8%3A4441)%0A%20%20%20%20at%20http%3A%2F%2Flocalhost%3A9876%2Fbase%2Fpublic%2Fbower_components%2Fangular%2Fangular.js%3Fe31910da13287c52bd9465004668e81e9b85d0f8%3A4450%0A%20%20%20%20at%20forEach%20(http%3A%2F%2Flocalhost%3A9876%2Fbase%2Fpublic%2Fbower_components%2Fangular%2Fangular.js%3Fe31910da13287c52bd9465004668e81e9b85d0f8%3A341)%0A%20%20%20%20at%20loadModules%20(http%3A%2F%2Flocalhost%3A9876%2Fbase%2Fpublic%2Fbower_components%2Fangular%2Fangular.js%3Fe31910da13287c52bd9465004668e81e9b85d0f8%3A4473)%0A%20%20%20%20at%20createInjector%20(http%3A%2F%2Flocalhost%3A9876%2Fbase%2Fpublic%2Fbower_components%2Fangular%2Fangular.js%3Fe31910da13287c52bd9465004668e81e9b85d0f8%3A4356)%0A%20%20%20%20at%20workFn%20(http%3A%2F%2Flocalhost%3A9876%2Fbase%2Fpublic%2Fbower_components%2Fangular-mocks%2Fangular-mocks.js%3F9e9911cea3845a1d5dec76f3cf2dfaa60fd9c669%3A2464)%0A%20%20%20%20at%20http%3A%2F%2Flocalhost%3A9876%2Fbase%2Fnode_modules%2Fkarma-jasmine%2Flib%2Fjasmine.js%3F437512c57124d57f5ec77e2e82bfb4e3cdd15cce%3A1145%0A%20%20%20%20at%20http%3A%2F%2Flocalhost%3A9876%2Fbase%2Fnode_modules%2Fkarma-jasmine%2Flib%2Fjasmine.js%3F437512c57124d57f5ec77e2e82bfb4e3cdd15cce%3A2177%0A%20%20%20%20at%20http%3A%2F%2Flocalhost%3A9876%2Fbase%2Fnode_modules%2Fkarma-jasmine%2Flib%2Fjasmine.js%3F437512c57124d57f5ec77e2e82bfb4e3cdd15cce%3A2130%0A%20%20%20%20at%20http%3A%2F%2Flocalhost%3A9876%2Fbase%2Fnode_modules%2Fkarma-jasmine%2Flib%2Fjasmine.js%3F437512c57124d57f5ec77e2e82bfb4e3cdd15cce%3A2460%0A%20%20%20%20at%20http%3A%2F%2Flocalhost%3A9876%2Fbase%2Fnode_modules%2Fkarma-jasmine%2Flib%2Fjasmine.js%3F437512c57124d57f5ec77e2e82bfb4e3cdd15cce%3A2177%0A%20%20%20%20at%20http%3A%2F%2Flocalhost%3A9876%2Fbase%2Fnode_modules%2Fkarma-jasmine%2Flib%2Fjasmine.js%3F437512c57124d57f5ec77e2e82bfb4e3cdd15cce%3A2173%0A%20%20%20%20at%20http%3A%2F%2Flocalhost%3A9876%2Fbase%2Fnode_modules%2Fkarma-jasmine%2Flib%2Fjasmine.js%3F437512c57124d57f5ec77e2e82bfb4e3cdd15cce%3A2432%0A%20%20%20%20at%20http%3A%2F%2Flocalhost%3A9876%2Fbase%2Fnode_modules%2Fkarma-jasmine%2Flib%2Fjasmine.js%3F437512c57124d57f5ec77e2e82bfb4e3cdd15cce%3A2459%0A%20%20%20%20at%20http%3A%2F%2Flocalhost%3A9876%2Fbase%2Fnode_modules%2Fkarma-jasmine%2Flib%2Fjasmine.js%3F437512c57124d57f5ec77e2e82bfb4e3cdd15cce%3A2187%0A%20%20%20%20at%20http%3A%2F%2Flocalhost%3A9876%2Fbase%2Fnode_modules%2Fkarma-jasmine%2Flib%2Fjasmine.js%3F437512c57124d57f5ec77e2e82bfb4e3cdd15cce%3A2167
    at /predix/predix/lili/seed-ui/public/bower_components/angular/angular.js:4471
    at forEach (/predix/predix/lili/seed-ui/public/bower_components/angular/angular.js:341)
    at loadModules (/predix/predix/lili/seed-ui/public/bower_components/angular/angular.js:4473)
    at createInjector (/predix/predix/lili/seed-ui/public/bower_components/angular/angular.js:4356)
    at workFn (/predix/predix/lili/seed-ui/public/bower_components/angular-mocks/angular-mocks.js:2464)
</failure>
      <failure type="">TypeError: &apos;undefined&apos; is not an object (evaluating &apos;$httpBackend.when&apos;)
    at /predix/predix/lili/seed-ui/public/scripts/modules/sample-module/spec/predix-asset-service-spec.js:9
</failure>
      <failure type="">TypeError: &apos;undefined&apos; is not an object (evaluating &apos;$httpBackend.flush&apos;)
    at /predix/predix/lili/seed-ui/public/scripts/modules/sample-module/spec/predix-asset-service-spec.js:9
</failure>
    </testcase>
    <testcase name="reject promise if the GET fails" time="0.004" classname="unit PhantomJS 1.9.7 (Linux 0.0.0).The Predix Asset Service with predix asset service when response fails getting asset root">
      <failure type="">Error: [$injector:modulerr] Failed to instantiate module ngMock due to:
Error: [$injector:unpr] Unknown provider: $$asyncCallbackProvider
http://errors.angularjs.org/1.4.9/$injector/unpr?p0=%24%24asyncCallbackProvider
    at /predix/predix/lili/seed-ui/public/bower_components/angular/angular.js:4346
    at getService (/predix/predix/lili/seed-ui/public/bower_components/angular/angular.js:4494)
    at decorator (/predix/predix/lili/seed-ui/public/bower_components/angular/angular.js:4416)
    at /predix/predix/lili/seed-ui/public/bower_components/angular-mocks/angular-mocks.js:1947
    at invoke (/predix/predix/lili/seed-ui/public/bower_components/angular/angular.js:4535)
    at runInvokeQueue (/predix/predix/lili/seed-ui/public/bower_components/angular/angular.js:4441)
    at /predix/predix/lili/seed-ui/public/bower_components/angular/angular.js:4450
    at forEach (/predix/predix/lili/seed-ui/public/bower_components/angular/angular.js:341)
    at loadModules (/predix/predix/lili/seed-ui/public/bower_components/angular/angular.js:4473)
    at createInjector (/predix/predix/lili/seed-ui/public/bower_components/angular/angular.js:4356)
    at workFn (/predix/predix/lili/seed-ui/public/bower_components/angular-mocks/angular-mocks.js:2464)
http://errors.angularjs.org/1.4.9/$injector/modulerr?p0=ngMock&amp;p1=Error%3A%20%5B%24injector%3Aunpr%5D%20Unknown%20provider%3A%20%24%24asyncCallbackProvider%0Ahttp%3A%2F%2Ferrors.angularjs.org%2F1.4.9%2F%24injector%2Funpr%3Fp0%3D%2524%2524asyncCallbackProvider%0A%20%20%20%20at%20http%3A%2F%2Flocalhost%3A9876%2Fbase%2Fpublic%2Fbower_components%2Fangular%2Fangular.js%3Fe31910da13287c52bd9465004668e81e9b85d0f8%3A4346%0A%20%20%20%20at%20getService%20(http%3A%2F%2Flocalhost%3A9876%2Fbase%2Fpublic%2Fbower_components%2Fangular%2Fangular.js%3Fe31910da13287c52bd9465004668e81e9b85d0f8%3A4494)%0A%20%20%20%20at%20decorator%20(http%3A%2F%2Flocalhost%3A9876%2Fbase%2Fpublic%2Fbower_components%2Fangular%2Fangular.js%3Fe31910da13287c52bd9465004668e81e9b85d0f8%3A4416)%0A%20%20%20%20at%20http%3A%2F%2Flocalhost%3A9876%2Fbase%2Fpublic%2Fbower_components%2Fangular-mocks%2Fangular-mocks.js%3F9e9911cea3845a1d5dec76f3cf2dfaa60fd9c669%3A1947%0A%20%20%20%20at%20invoke%20(http%3A%2F%2Flocalhost%3A9876%2Fbase%2Fpublic%2Fbower_components%2Fangular%2Fangular.js%3Fe31910da13287c52bd9465004668e81e9b85d0f8%3A4535)%0A%20%20%20%20at%20runInvokeQueue%20(http%3A%2F%2Flocalhost%3A9876%2Fbase%2Fpublic%2Fbower_components%2Fangular%2Fangular.js%3Fe31910da13287c52bd9465004668e81e9b85d0f8%3A4441)%0A%20%20%20%20at%20http%3A%2F%2Flocalhost%3A9876%2Fbase%2Fpublic%2Fbower_components%2Fangular%2Fangular.js%3Fe31910da13287c52bd9465004668e81e9b85d0f8%3A4450%0A%20%20%20%20at%20forEach%20(http%3A%2F%2Flocalhost%3A9876%2Fbase%2Fpublic%2Fbower_components%2Fangular%2Fangular.js%3Fe31910da13287c52bd9465004668e81e9b85d0f8%3A341)%0A%20%20%20%20at%20loadModules%20(http%3A%2F%2Flocalhost%3A9876%2Fbase%2Fpublic%2Fbower_components%2Fangular%2Fangular.js%3Fe31910da13287c52bd9465004668e81e9b85d0f8%3A4473)%0A%20%20%20%20at%20createInjector%20(http%3A%2F%2Flocalhost%3A9876%2Fbase%2Fpublic%2Fbower_components%2Fangular%2Fangular.js%3Fe31910da13287c52bd9465004668e81e9b85d0f8%3A4356)%0A%20%20%20%20at%20workFn%20(http%3A%2F%2Flocalhost%3A9876%2Fbase%2Fpublic%2Fbower_components%2Fangular-mocks%2Fangular-mocks.js%3F9e9911cea3845a1d5dec76f3cf2dfaa60fd9c669%3A2464)%0A%20%20%20%20at%20http%3A%2F%2Flocalhost%3A9876%2Fbase%2Fnode_modules%2Fkarma-jasmine%2Flib%2Fjasmine.js%3F437512c57124d57f5ec77e2e82bfb4e3cdd15cce%3A1145%0A%20%20%20%20at%20http%3A%2F%2Flocalhost%3A9876%2Fbase%2Fnode_modules%2Fkarma-jasmine%2Flib%2Fjasmine.js%3F437512c57124d57f5ec77e2e82bfb4e3cdd15cce%3A2177%0A%20%20%20%20at%20http%3A%2F%2Flocalhost%3A9876%2Fbase%2Fnode_modules%2Fkarma-jasmine%2Flib%2Fjasmine.js%3F437512c57124d57f5ec77e2e82bfb4e3cdd15cce%3A2130%0A%20%20%20%20at%20http%3A%2F%2Flocalhost%3A9876%2Fbase%2Fnode_modules%2Fkarma-jasmine%2Flib%2Fjasmine.js%3F437512c57124d57f5ec77e2e82bfb4e3cdd15cce%3A2460%0A%20%20%20%20at%20http%3A%2F%2Flocalhost%3A9876%2Fbase%2Fnode_modules%2Fkarma-jasmine%2Flib%2Fjasmine.js%3F437512c57124d57f5ec77e2e82bfb4e3cdd15cce%3A2177%0A%20%20%20%20at%20http%3A%2F%2Flocalhost%3A9876%2Fbase%2Fnode_modules%2Fkarma-jasmine%2Flib%2Fjasmine.js%3F437512c57124d57f5ec77e2e82bfb4e3cdd15cce%3A2130%0A%20%20%20%20at%20http%3A%2F%2Flocalhost%3A9876%2Fbase%2Fnode_modules%2Fkarma-jasmine%2Flib%2Fjasmine.js%3F437512c57124d57f5ec77e2e82bfb4e3cdd15cce%3A2606%0A%20%20%20%20at%20http%3A%2F%2Flocalhost%3A9876%2Fbase%2Fnode_modules%2Fkarma-jasmine%2Flib%2Fjasmine.js%3F437512c57124d57f5ec77e2e82bfb4e3cdd15cce%3A2177%0A%20%20%20%20at%20http%3A%2F%2Flocalhost%3A9876%2Fbase%2Fnode_modules%2Fkarma-jasmine%2Flib%2Fjasmine.js%3F437512c57124d57f5ec77e2e82bfb4e3cdd15cce%3A2173%0A%20%20%20%20at%20http%3A%2F%2Flocalhost%3A9876%2Fbase%2Fnode_modules%2Fkarma-jasmine%2Flib%2Fjasmine.js%3F437512c57124d57f5ec77e2e82bfb4e3cdd15cce%3A2561%0A%20%20%20%20at%20http%3A%2F%2Flocalhost%3A9876%2Fbase%2Fnode_modules%2Fkarma-jasmine%2Flib%2Fjasmine.js%3F437512c57124d57f5ec77e2e82bfb4e3cdd15cce%3A2605%0A%20%20%20%20at%20http%3A%2F%2Flocalhost%3A9876%2Fbase%2Fnode_modules%2Fkarma-jasmine%2Flib%2Fjasmine.js%3F437512c57124d57f5ec77e2e82bfb4e3cdd15cce%3A2187%0A%20%20%20%20at%20http%3A%2F%2Flocalhost%3A9876%2Fbase%2Fnode_modules%2Fkarma-jasmine%2Flib%2Fjasmine.js%3F437512c57124d57f5ec77e2e82bfb4e3cdd15cce%3A2173%0A%20%20%20%20at%20http%3A%2F%2Flocalhost%3A9876%2Fbase%2Fnode_modules%2Fkarma-jasmine%2Flib%2Fjasmine.js%3F437512c57124d57f5ec77e2e82bfb4e3cdd15cce%3A2432%0A%20%20%20%20at%20http%3A%2F%2Flocalhost%3A9876%2Fbase%2Fnode_modules%2Fkarma-jasmine%2Flib%2Fjasmine.js%3F437512c57124d57f5ec77e2e82bfb4e3cdd15cce%3A2459%0A%20%20%20%20at%20http%3A%2F%2Flocalhost%3A9876%2Fbase%2Fnode_modules%2Fkarma-jasmine%2Flib%2Fjasmine.js%3F437512c57124d57f5ec77e2e82bfb4e3cdd15cce%3A2187%0A%20%20%20%20at%20http%3A%2F%2Flocalhost%3A9876%2Fbase%2Fnode_modules%2Fkarma-jasmine%2Flib%2Fjasmine.js%3F437512c57124d57f5ec77e2e82bfb4e3cdd15cce%3A2167
    at /predix/predix/lili/seed-ui/public/bower_components/angular/angular.js:4471
    at forEach (/predix/predix/lili/seed-ui/public/bower_components/angular/angular.js:341)
    at loadModules (/predix/predix/lili/seed-ui/public/bower_components/angular/angular.js:4473)
    at createInjector (/predix/predix/lili/seed-ui/public/bower_components/angular/angular.js:4356)
    at workFn (/predix/predix/lili/seed-ui/public/bower_components/angular-mocks/angular-mocks.js:2464)
</failure>
      <failure type="">TypeError: &apos;undefined&apos; is not an object (evaluating &apos;$httpBackend.when&apos;)
    at /predix/predix/lili/seed-ui/public/scripts/modules/sample-module/spec/predix-asset-service-spec.js:9
</failure>
      <failure type="">Expected spy errorCallback to have been called with [ &apos;Error fetching asset with id null&apos; ] but it was never called.
</failure>
    </testcase>
    <testcase name="will fetch asset root with default url and rootEntityId 24" time="0.002" classname="unit PhantomJS 1.9.7 (Linux 0.0.0).The Predix Asset Service with predix asset service when getting the children of an asset">
      <failure type="">Error: [$injector:modulerr] Failed to instantiate module ngMock due to:
Error: [$injector:unpr] Unknown provider: $$asyncCallbackProvider
http://errors.angularjs.org/1.4.9/$injector/unpr?p0=%24%24asyncCallbackProvider
    at /predix/predix/lili/seed-ui/public/bower_components/angular/angular.js:4346
    at getService (/predix/predix/lili/seed-ui/public/bower_components/angular/angular.js:4494)
    at decorator (/predix/predix/lili/seed-ui/public/bower_components/angular/angular.js:4416)
    at /predix/predix/lili/seed-ui/public/bower_components/angular-mocks/angular-mocks.js:1947
    at invoke (/predix/predix/lili/seed-ui/public/bower_components/angular/angular.js:4535)
    at runInvokeQueue (/predix/predix/lili/seed-ui/public/bower_components/angular/angular.js:4441)
    at /predix/predix/lili/seed-ui/public/bower_components/angular/angular.js:4450
    at forEach (/predix/predix/lili/seed-ui/public/bower_components/angular/angular.js:341)
    at loadModules (/predix/predix/lili/seed-ui/public/bower_components/angular/angular.js:4473)
    at createInjector (/predix/predix/lili/seed-ui/public/bower_components/angular/angular.js:4356)
    at workFn (/predix/predix/lili/seed-ui/public/bower_components/angular-mocks/angular-mocks.js:2464)
http://errors.angularjs.org/1.4.9/$injector/modulerr?p0=ngMock&amp;p1=Error%3A%20%5B%24injector%3Aunpr%5D%20Unknown%20provider%3A%20%24%24asyncCallbackProvider%0Ahttp%3A%2F%2Ferrors.angularjs.org%2F1.4.9%2F%24injector%2Funpr%3Fp0%3D%2524%2524asyncCallbackProvider%0A%20%20%20%20at%20http%3A%2F%2Flocalhost%3A9876%2Fbase%2Fpublic%2Fbower_components%2Fangular%2Fangular.js%3Fe31910da13287c52bd9465004668e81e9b85d0f8%3A4346%0A%20%20%20%20at%20getService%20(http%3A%2F%2Flocalhost%3A9876%2Fbase%2Fpublic%2Fbower_components%2Fangular%2Fangular.js%3Fe31910da13287c52bd9465004668e81e9b85d0f8%3A4494)%0A%20%20%20%20at%20decorator%20(http%3A%2F%2Flocalhost%3A9876%2Fbase%2Fpublic%2Fbower_components%2Fangular%2Fangular.js%3Fe31910da13287c52bd9465004668e81e9b85d0f8%3A4416)%0A%20%20%20%20at%20http%3A%2F%2Flocalhost%3A9876%2Fbase%2Fpublic%2Fbower_components%2Fangular-mocks%2Fangular-mocks.js%3F9e9911cea3845a1d5dec76f3cf2dfaa60fd9c669%3A1947%0A%20%20%20%20at%20invoke%20(http%3A%2F%2Flocalhost%3A9876%2Fbase%2Fpublic%2Fbower_components%2Fangular%2Fangular.js%3Fe31910da13287c52bd9465004668e81e9b85d0f8%3A4535)%0A%20%20%20%20at%20runInvokeQueue%20(http%3A%2F%2Flocalhost%3A9876%2Fbase%2Fpublic%2Fbower_components%2Fangular%2Fangular.js%3Fe31910da13287c52bd9465004668e81e9b85d0f8%3A4441)%0A%20%20%20%20at%20http%3A%2F%2Flocalhost%3A9876%2Fbase%2Fpublic%2Fbower_components%2Fangular%2Fangular.js%3Fe31910da13287c52bd9465004668e81e9b85d0f8%3A4450%0A%20%20%20%20at%20forEach%20(http%3A%2F%2Flocalhost%3A9876%2Fbase%2Fpublic%2Fbower_components%2Fangular%2Fangular.js%3Fe31910da13287c52bd9465004668e81e9b85d0f8%3A341)%0A%20%20%20%20at%20loadModules%20(http%3A%2F%2Flocalhost%3A9876%2Fbase%2Fpublic%2Fbower_components%2Fangular%2Fangular.js%3Fe31910da13287c52bd9465004668e81e9b85d0f8%3A4473)%0A%20%20%20%20at%20createInjector%20(http%3A%2F%2Flocalhost%3A9876%2Fbase%2Fpublic%2Fbower_components%2Fangular%2Fangular.js%3Fe31910da13287c52bd9465004668e81e9b85d0f8%3A4356)%0A%20%20%20%20at%20workFn%20(http%3A%2F%2Flocalhost%3A9876%2Fbase%2Fpublic%2Fbower_components%2Fangular-mocks%2Fangular-mocks.js%3F9e9911cea3845a1d5dec76f3cf2dfaa60fd9c669%3A2464)%0A%20%20%20%20at%20http%3A%2F%2Flocalhost%3A9876%2Fbase%2Fnode_modules%2Fkarma-jasmine%2Flib%2Fjasmine.js%3F437512c57124d57f5ec77e2e82bfb4e3cdd15cce%3A1145%0A%20%20%20%20at%20http%3A%2F%2Flocalhost%3A9876%2Fbase%2Fnode_modules%2Fkarma-jasmine%2Flib%2Fjasmine.js%3F437512c57124d57f5ec77e2e82bfb4e3cdd15cce%3A2177%0A%20%20%20%20at%20http%3A%2F%2Flocalhost%3A9876%2Fbase%2Fnode_modules%2Fkarma-jasmine%2Flib%2Fjasmine.js%3F437512c57124d57f5ec77e2e82bfb4e3cdd15cce%3A2130%0A%20%20%20%20at%20http%3A%2F%2Flocalhost%3A9876%2Fbase%2Fnode_modules%2Fkarma-jasmine%2Flib%2Fjasmine.js%3F437512c57124d57f5ec77e2e82bfb4e3cdd15cce%3A2460%0A%20%20%20%20at%20http%3A%2F%2Flocalhost%3A9876%2Fbase%2Fnode_modules%2Fkarma-jasmine%2Flib%2Fjasmine.js%3F437512c57124d57f5ec77e2e82bfb4e3cdd15cce%3A2177%0A%20%20%20%20at%20http%3A%2F%2Flocalhost%3A9876%2Fbase%2Fnode_modules%2Fkarma-jasmine%2Flib%2Fjasmine.js%3F437512c57124d57f5ec77e2e82bfb4e3cdd15cce%3A2130%0A%20%20%20%20at%20http%3A%2F%2Flocalhost%3A9876%2Fbase%2Fnode_modules%2Fkarma-jasmine%2Flib%2Fjasmine.js%3F437512c57124d57f5ec77e2e82bfb4e3cdd15cce%3A2606%0A%20%20%20%20at%20http%3A%2F%2Flocalhost%3A9876%2Fbase%2Fnode_modules%2Fkarma-jasmine%2Flib%2Fjasmine.js%3F437512c57124d57f5ec77e2e82bfb4e3cdd15cce%3A2177%0A%20%20%20%20at%20http%3A%2F%2Flocalhost%3A9876%2Fbase%2Fnode_modules%2Fkarma-jasmine%2Flib%2Fjasmine.js%3F437512c57124d57f5ec77e2e82bfb4e3cdd15cce%3A2173%0A%20%20%20%20at%20http%3A%2F%2Flocalhost%3A9876%2Fbase%2Fnode_modules%2Fkarma-jasmine%2Flib%2Fjasmine.js%3F437512c57124d57f5ec77e2e82bfb4e3cdd15cce%3A2561%0A%20%20%20%20at%20http%3A%2F%2Flocalhost%3A9876%2Fbase%2Fnode_modules%2Fkarma-jasmine%2Flib%2Fjasmine.js%3F437512c57124d57f5ec77e2e82bfb4e3cdd15cce%3A2605%0A%20%20%20%20at%20http%3A%2F%2Flocalhost%3A9876%2Fbase%2Fnode_modules%2Fkarma-jasmine%2Flib%2Fjasmine.js%3F437512c57124d57f5ec77e2e82bfb4e3cdd15cce%3A2187%0A%20%20%20%20at%20http%3A%2F%2Flocalhost%3A9876%2Fbase%2Fnode_modules%2Fkarma-jasmine%2Flib%2Fjasmine.js%3F437512c57124d57f5ec77e2e82bfb4e3cdd15cce%3A2173%0A%20%20%20%20at%20http%3A%2F%2Flocalhost%3A9876%2Fbase%2Fnode_modules%2Fkarma-jasmine%2Flib%2Fjasmine.js%3F437512c57124d57f5ec77e2e82bfb4e3cdd15cce%3A2432%0A%20%20%20%20at%20http%3A%2F%2Flocalhost%3A9876%2Fbase%2Fnode_modules%2Fkarma-jasmine%2Flib%2Fjasmine.js%3F437512c57124d57f5ec77e2e82bfb4e3cdd15cce%3A2459%0A%20%20%20%20at%20http%3A%2F%2Flocalhost%3A9876%2Fbase%2Fnode_modules%2Fkarma-jasmine%2Flib%2Fjasmine.js%3F437512c57124d57f5ec77e2e82bfb4e3cdd15cce%3A2187%0A%20%20%20%20at%20http%3A%2F%2Flocalhost%3A9876%2Fbase%2Fnode_modules%2Fkarma-jasmine%2Flib%2Fjasmine.js%3F437512c57124d57f5ec77e2e82bfb4e3cdd15cce%3A2167
    at /predix/predix/lili/seed-ui/public/bower_components/angular/angular.js:4471
    at forEach (/predix/predix/lili/seed-ui/public/bower_components/angular/angular.js:341)
    at loadModules (/predix/predix/lili/seed-ui/public/bower_components/angular/angular.js:4473)
    at createInjector (/predix/predix/lili/seed-ui/public/bower_components/angular/angular.js:4356)
    at workFn (/predix/predix/lili/seed-ui/public/bower_components/angular-mocks/angular-mocks.js:2464)
</failure>
      <failure type="">TypeError: &apos;undefined&apos; is not an object (evaluating &apos;$httpBackend.when&apos;)
    at /predix/predix/lili/seed-ui/public/scripts/modules/sample-module/spec/predix-asset-service-spec.js:9
</failure>
      <failure type="">TypeError: &apos;undefined&apos; is not an object (evaluating &apos;$httpBackend.expectGET&apos;)
    at /predix/predix/lili/seed-ui/public/scripts/modules/sample-module/spec/predix-asset-service-spec.js:9
</failure>
    </testcase>
    <testcase name="will resolve the promise with the default transformed data" time="0.002" classname="unit PhantomJS 1.9.7 (Linux 0.0.0).The Predix Asset Service with predix asset service when getting the children of an asset">
      <failure type="">Error: [$injector:modulerr] Failed to instantiate module ngMock due to:
Error: [$injector:unpr] Unknown provider: $$asyncCallbackProvider
http://errors.angularjs.org/1.4.9/$injector/unpr?p0=%24%24asyncCallbackProvider
    at /predix/predix/lili/seed-ui/public/bower_components/angular/angular.js:4346
    at getService (/predix/predix/lili/seed-ui/public/bower_components/angular/angular.js:4494)
    at decorator (/predix/predix/lili/seed-ui/public/bower_components/angular/angular.js:4416)
    at /predix/predix/lili/seed-ui/public/bower_components/angular-mocks/angular-mocks.js:1947
    at invoke (/predix/predix/lili/seed-ui/public/bower_components/angular/angular.js:4535)
    at runInvokeQueue (/predix/predix/lili/seed-ui/public/bower_components/angular/angular.js:4441)
    at /predix/predix/lili/seed-ui/public/bower_components/angular/angular.js:4450
    at forEach (/predix/predix/lili/seed-ui/public/bower_components/angular/angular.js:341)
    at loadModules (/predix/predix/lili/seed-ui/public/bower_components/angular/angular.js:4473)
    at createInjector (/predix/predix/lili/seed-ui/public/bower_components/angular/angular.js:4356)
    at workFn (/predix/predix/lili/seed-ui/public/bower_components/angular-mocks/angular-mocks.js:2464)
http://errors.angularjs.org/1.4.9/$injector/modulerr?p0=ngMock&amp;p1=Error%3A%20%5B%24injector%3Aunpr%5D%20Unknown%20provider%3A%20%24%24asyncCallbackProvider%0Ahttp%3A%2F%2Ferrors.angularjs.org%2F1.4.9%2F%24injector%2Funpr%3Fp0%3D%2524%2524asyncCallbackProvider%0A%20%20%20%20at%20http%3A%2F%2Flocalhost%3A9876%2Fbase%2Fpublic%2Fbower_components%2Fangular%2Fangular.js%3Fe31910da13287c52bd9465004668e81e9b85d0f8%3A4346%0A%20%20%20%20at%20getService%20(http%3A%2F%2Flocalhost%3A9876%2Fbase%2Fpublic%2Fbower_components%2Fangular%2Fangular.js%3Fe31910da13287c52bd9465004668e81e9b85d0f8%3A4494)%0A%20%20%20%20at%20decorator%20(http%3A%2F%2Flocalhost%3A9876%2Fbase%2Fpublic%2Fbower_components%2Fangular%2Fangular.js%3Fe31910da13287c52bd9465004668e81e9b85d0f8%3A4416)%0A%20%20%20%20at%20http%3A%2F%2Flocalhost%3A9876%2Fbase%2Fpublic%2Fbower_components%2Fangular-mocks%2Fangular-mocks.js%3F9e9911cea3845a1d5dec76f3cf2dfaa60fd9c669%3A1947%0A%20%20%20%20at%20invoke%20(http%3A%2F%2Flocalhost%3A9876%2Fbase%2Fpublic%2Fbower_components%2Fangular%2Fangular.js%3Fe31910da13287c52bd9465004668e81e9b85d0f8%3A4535)%0A%20%20%20%20at%20runInvokeQueue%20(http%3A%2F%2Flocalhost%3A9876%2Fbase%2Fpublic%2Fbower_components%2Fangular%2Fangular.js%3Fe31910da13287c52bd9465004668e81e9b85d0f8%3A4441)%0A%20%20%20%20at%20http%3A%2F%2Flocalhost%3A9876%2Fbase%2Fpublic%2Fbower_components%2Fangular%2Fangular.js%3Fe31910da13287c52bd9465004668e81e9b85d0f8%3A4450%0A%20%20%20%20at%20forEach%20(http%3A%2F%2Flocalhost%3A9876%2Fbase%2Fpublic%2Fbower_components%2Fangular%2Fangular.js%3Fe31910da13287c52bd9465004668e81e9b85d0f8%3A341)%0A%20%20%20%20at%20loadModules%20(http%3A%2F%2Flocalhost%3A9876%2Fbase%2Fpublic%2Fbower_components%2Fangular%2Fangular.js%3Fe31910da13287c52bd9465004668e81e9b85d0f8%3A4473)%0A%20%20%20%20at%20createInjector%20(http%3A%2F%2Flocalhost%3A9876%2Fbase%2Fpublic%2Fbower_components%2Fangular%2Fangular.js%3Fe31910da13287c52bd9465004668e81e9b85d0f8%3A4356)%0A%20%20%20%20at%20workFn%20(http%3A%2F%2Flocalhost%3A9876%2Fbase%2Fpublic%2Fbower_components%2Fangular-mocks%2Fangular-mocks.js%3F9e9911cea3845a1d5dec76f3cf2dfaa60fd9c669%3A2464)%0A%20%20%20%20at%20http%3A%2F%2Flocalhost%3A9876%2Fbase%2Fnode_modules%2Fkarma-jasmine%2Flib%2Fjasmine.js%3F437512c57124d57f5ec77e2e82bfb4e3cdd15cce%3A1145%0A%20%20%20%20at%20http%3A%2F%2Flocalhost%3A9876%2Fbase%2Fnode_modules%2Fkarma-jasmine%2Flib%2Fjasmine.js%3F437512c57124d57f5ec77e2e82bfb4e3cdd15cce%3A2177%0A%20%20%20%20at%20http%3A%2F%2Flocalhost%3A9876%2Fbase%2Fnode_modules%2Fkarma-jasmine%2Flib%2Fjasmine.js%3F437512c57124d57f5ec77e2e82bfb4e3cdd15cce%3A2130%0A%20%20%20%20at%20http%3A%2F%2Flocalhost%3A9876%2Fbase%2Fnode_modules%2Fkarma-jasmine%2Flib%2Fjasmine.js%3F437512c57124d57f5ec77e2e82bfb4e3cdd15cce%3A2460%0A%20%20%20%20at%20http%3A%2F%2Flocalhost%3A9876%2Fbase%2Fnode_modules%2Fkarma-jasmine%2Flib%2Fjasmine.js%3F437512c57124d57f5ec77e2e82bfb4e3cdd15cce%3A2177%0A%20%20%20%20at%20http%3A%2F%2Flocalhost%3A9876%2Fbase%2Fnode_modules%2Fkarma-jasmine%2Flib%2Fjasmine.js%3F437512c57124d57f5ec77e2e82bfb4e3cdd15cce%3A2130%0A%20%20%20%20at%20http%3A%2F%2Flocalhost%3A9876%2Fbase%2Fnode_modules%2Fkarma-jasmine%2Flib%2Fjasmine.js%3F437512c57124d57f5ec77e2e82bfb4e3cdd15cce%3A2606%0A%20%20%20%20at%20http%3A%2F%2Flocalhost%3A9876%2Fbase%2Fnode_modules%2Fkarma-jasmine%2Flib%2Fjasmine.js%3F437512c57124d57f5ec77e2e82bfb4e3cdd15cce%3A2177%0A%20%20%20%20at%20http%3A%2F%2Flocalhost%3A9876%2Fbase%2Fnode_modules%2Fkarma-jasmine%2Flib%2Fjasmine.js%3F437512c57124d57f5ec77e2e82bfb4e3cdd15cce%3A2173%0A%20%20%20%20at%20http%3A%2F%2Flocalhost%3A9876%2Fbase%2Fnode_modules%2Fkarma-jasmine%2Flib%2Fjasmine.js%3F437512c57124d57f5ec77e2e82bfb4e3cdd15cce%3A2561%0A%20%20%20%20at%20http%3A%2F%2Flocalhost%3A9876%2Fbase%2Fnode_modules%2Fkarma-jasmine%2Flib%2Fjasmine.js%3F437512c57124d57f5ec77e2e82bfb4e3cdd15cce%3A2605%0A%20%20%20%20at%20http%3A%2F%2Flocalhost%3A9876%2Fbase%2Fnode_modules%2Fkarma-jasmine%2Flib%2Fjasmine.js%3F437512c57124d57f5ec77e2e82bfb4e3cdd15cce%3A2187%0A%20%20%20%20at%20http%3A%2F%2Flocalhost%3A9876%2Fbase%2Fnode_modules%2Fkarma-jasmine%2Flib%2Fjasmine.js%3F437512c57124d57f5ec77e2e82bfb4e3cdd15cce%3A2173%0A%20%20%20%20at%20http%3A%2F%2Flocalhost%3A9876%2Fbase%2Fnode_modules%2Fkarma-jasmine%2Flib%2Fjasmine.js%3F437512c57124d57f5ec77e2e82bfb4e3cdd15cce%3A2432%0A%20%20%20%20at%20http%3A%2F%2Flocalhost%3A9876%2Fbase%2Fnode_modules%2Fkarma-jasmine%2Flib%2Fjasmine.js%3F437512c57124d57f5ec77e2e82bfb4e3cdd15cce%3A2459%0A%20%20%20%20at%20http%3A%2F%2Flocalhost%3A9876%2Fbase%2Fnode_modules%2Fkarma-jasmine%2Flib%2Fjasmine.js%3F437512c57124d57f5ec77e2e82bfb4e3cdd15cce%3A2187%0A%20%20%20%20at%20http%3A%2F%2Flocalhost%3A9876%2Fbase%2Fnode_modules%2Fkarma-jasmine%2Flib%2Fjasmine.js%3F437512c57124d57f5ec77e2e82bfb4e3cdd15cce%3A2167
    at /predix/predix/lili/seed-ui/public/bower_components/angular/angular.js:4471
    at forEach (/predix/predix/lili/seed-ui/public/bower_components/angular/angular.js:341)
    at loadModules (/predix/predix/lili/seed-ui/public/bower_components/angular/angular.js:4473)
    at createInjector (/predix/predix/lili/seed-ui/public/bower_components/angular/angular.js:4356)
    at workFn (/predix/predix/lili/seed-ui/public/bower_components/angular-mocks/angular-mocks.js:2464)
</failure>
      <failure type="">TypeError: &apos;undefined&apos; is not an object (evaluating &apos;$httpBackend.when&apos;)
    at /predix/predix/lili/seed-ui/public/scripts/modules/sample-module/spec/predix-asset-service-spec.js:9
</failure>
      <failure type="">TypeError: &apos;undefined&apos; is not an object (evaluating &apos;$httpBackend.flush&apos;)
    at /predix/predix/lili/seed-ui/public/scripts/modules/sample-module/spec/predix-asset-service-spec.js:9
</failure>
    </testcase>
    <testcase name="will resolve the promise with empty string in meta.link" time="0.001" classname="unit PhantomJS 1.9.7 (Linux 0.0.0).The Predix Asset Service with predix asset service when getting the children of an asset">
      <failure type="">Error: [$injector:modulerr] Failed to instantiate module ngMock due to:
Error: [$injector:unpr] Unknown provider: $$asyncCallbackProvider
http://errors.angularjs.org/1.4.9/$injector/unpr?p0=%24%24asyncCallbackProvider
    at /predix/predix/lili/seed-ui/public/bower_components/angular/angular.js:4346
    at getService (/predix/predix/lili/seed-ui/public/bower_components/angular/angular.js:4494)
    at decorator (/predix/predix/lili/seed-ui/public/bower_components/angular/angular.js:4416)
    at /predix/predix/lili/seed-ui/public/bower_components/angular-mocks/angular-mocks.js:1947
    at invoke (/predix/predix/lili/seed-ui/public/bower_components/angular/angular.js:4535)
    at runInvokeQueue (/predix/predix/lili/seed-ui/public/bower_components/angular/angular.js:4441)
    at /predix/predix/lili/seed-ui/public/bower_components/angular/angular.js:4450
    at forEach (/predix/predix/lili/seed-ui/public/bower_components/angular/angular.js:341)
    at loadModules (/predix/predix/lili/seed-ui/public/bower_components/angular/angular.js:4473)
    at createInjector (/predix/predix/lili/seed-ui/public/bower_components/angular/angular.js:4356)
    at workFn (/predix/predix/lili/seed-ui/public/bower_components/angular-mocks/angular-mocks.js:2464)
http://errors.angularjs.org/1.4.9/$injector/modulerr?p0=ngMock&amp;p1=Error%3A%20%5B%24injector%3Aunpr%5D%20Unknown%20provider%3A%20%24%24asyncCallbackProvider%0Ahttp%3A%2F%2Ferrors.angularjs.org%2F1.4.9%2F%24injector%2Funpr%3Fp0%3D%2524%2524asyncCallbackProvider%0A%20%20%20%20at%20http%3A%2F%2Flocalhost%3A9876%2Fbase%2Fpublic%2Fbower_components%2Fangular%2Fangular.js%3Fe31910da13287c52bd9465004668e81e9b85d0f8%3A4346%0A%20%20%20%20at%20getService%20(http%3A%2F%2Flocalhost%3A9876%2Fbase%2Fpublic%2Fbower_components%2Fangular%2Fangular.js%3Fe31910da13287c52bd9465004668e81e9b85d0f8%3A4494)%0A%20%20%20%20at%20decorator%20(http%3A%2F%2Flocalhost%3A9876%2Fbase%2Fpublic%2Fbower_components%2Fangular%2Fangular.js%3Fe31910da13287c52bd9465004668e81e9b85d0f8%3A4416)%0A%20%20%20%20at%20http%3A%2F%2Flocalhost%3A9876%2Fbase%2Fpublic%2Fbower_components%2Fangular-mocks%2Fangular-mocks.js%3F9e9911cea3845a1d5dec76f3cf2dfaa60fd9c669%3A1947%0A%20%20%20%20at%20invoke%20(http%3A%2F%2Flocalhost%3A9876%2Fbase%2Fpublic%2Fbower_components%2Fangular%2Fangular.js%3Fe31910da13287c52bd9465004668e81e9b85d0f8%3A4535)%0A%20%20%20%20at%20runInvokeQueue%20(http%3A%2F%2Flocalhost%3A9876%2Fbase%2Fpublic%2Fbower_components%2Fangular%2Fangular.js%3Fe31910da13287c52bd9465004668e81e9b85d0f8%3A4441)%0A%20%20%20%20at%20http%3A%2F%2Flocalhost%3A9876%2Fbase%2Fpublic%2Fbower_components%2Fangular%2Fangular.js%3Fe31910da13287c52bd9465004668e81e9b85d0f8%3A4450%0A%20%20%20%20at%20forEach%20(http%3A%2F%2Flocalhost%3A9876%2Fbase%2Fpublic%2Fbower_components%2Fangular%2Fangular.js%3Fe31910da13287c52bd9465004668e81e9b85d0f8%3A341)%0A%20%20%20%20at%20loadModules%20(http%3A%2F%2Flocalhost%3A9876%2Fbase%2Fpublic%2Fbower_components%2Fangular%2Fangular.js%3Fe31910da13287c52bd9465004668e81e9b85d0f8%3A4473)%0A%20%20%20%20at%20createInjector%20(http%3A%2F%2Flocalhost%3A9876%2Fbase%2Fpublic%2Fbower_components%2Fangular%2Fangular.js%3Fe31910da13287c52bd9465004668e81e9b85d0f8%3A4356)%0A%20%20%20%20at%20workFn%20(http%3A%2F%2Flocalhost%3A9876%2Fbase%2Fpublic%2Fbower_components%2Fangular-mocks%2Fangular-mocks.js%3F9e9911cea3845a1d5dec76f3cf2dfaa60fd9c669%3A2464)%0A%20%20%20%20at%20http%3A%2F%2Flocalhost%3A9876%2Fbase%2Fnode_modules%2Fkarma-jasmine%2Flib%2Fjasmine.js%3F437512c57124d57f5ec77e2e82bfb4e3cdd15cce%3A1145%0A%20%20%20%20at%20http%3A%2F%2Flocalhost%3A9876%2Fbase%2Fnode_modules%2Fkarma-jasmine%2Flib%2Fjasmine.js%3F437512c57124d57f5ec77e2e82bfb4e3cdd15cce%3A2177%0A%20%20%20%20at%20http%3A%2F%2Flocalhost%3A9876%2Fbase%2Fnode_modules%2Fkarma-jasmine%2Flib%2Fjasmine.js%3F437512c57124d57f5ec77e2e82bfb4e3cdd15cce%3A2130%0A%20%20%20%20at%20http%3A%2F%2Flocalhost%3A9876%2Fbase%2Fnode_modules%2Fkarma-jasmine%2Flib%2Fjasmine.js%3F437512c57124d57f5ec77e2e82bfb4e3cdd15cce%3A2460%0A%20%20%20%20at%20http%3A%2F%2Flocalhost%3A9876%2Fbase%2Fnode_modules%2Fkarma-jasmine%2Flib%2Fjasmine.js%3F437512c57124d57f5ec77e2e82bfb4e3cdd15cce%3A2177%0A%20%20%20%20at%20http%3A%2F%2Flocalhost%3A9876%2Fbase%2Fnode_modules%2Fkarma-jasmine%2Flib%2Fjasmine.js%3F437512c57124d57f5ec77e2e82bfb4e3cdd15cce%3A2130%0A%20%20%20%20at%20http%3A%2F%2Flocalhost%3A9876%2Fbase%2Fnode_modules%2Fkarma-jasmine%2Flib%2Fjasmine.js%3F437512c57124d57f5ec77e2e82bfb4e3cdd15cce%3A2606%0A%20%20%20%20at%20http%3A%2F%2Flocalhost%3A9876%2Fbase%2Fnode_modules%2Fkarma-jasmine%2Flib%2Fjasmine.js%3F437512c57124d57f5ec77e2e82bfb4e3cdd15cce%3A2177%0A%20%20%20%20at%20http%3A%2F%2Flocalhost%3A9876%2Fbase%2Fnode_modules%2Fkarma-jasmine%2Flib%2Fjasmine.js%3F437512c57124d57f5ec77e2e82bfb4e3cdd15cce%3A2173%0A%20%20%20%20at%20http%3A%2F%2Flocalhost%3A9876%2Fbase%2Fnode_modules%2Fkarma-jasmine%2Flib%2Fjasmine.js%3F437512c57124d57f5ec77e2e82bfb4e3cdd15cce%3A2561%0A%20%20%20%20at%20http%3A%2F%2Flocalhost%3A9876%2Fbase%2Fnode_modules%2Fkarma-jasmine%2Flib%2Fjasmine.js%3F437512c57124d57f5ec77e2e82bfb4e3cdd15cce%3A2605%0A%20%20%20%20at%20http%3A%2F%2Flocalhost%3A9876%2Fbase%2Fnode_modules%2Fkarma-jasmine%2Flib%2Fjasmine.js%3F437512c57124d57f5ec77e2e82bfb4e3cdd15cce%3A2187%0A%20%20%20%20at%20http%3A%2F%2Flocalhost%3A9876%2Fbase%2Fnode_modules%2Fkarma-jasmine%2Flib%2Fjasmine.js%3F437512c57124d57f5ec77e2e82bfb4e3cdd15cce%3A2173%0A%20%20%20%20at%20http%3A%2F%2Flocalhost%3A9876%2Fbase%2Fnode_modules%2Fkarma-jasmine%2Flib%2Fjasmine.js%3F437512c57124d57f5ec77e2e82bfb4e3cdd15cce%3A2432%0A%20%20%20%20at%20http%3A%2F%2Flocalhost%3A9876%2Fbase%2Fnode_modules%2Fkarma-jasmine%2Flib%2Fjasmine.js%3F437512c57124d57f5ec77e2e82bfb4e3cdd15cce%3A2459%0A%20%20%20%20at%20http%3A%2F%2Flocalhost%3A9876%2Fbase%2Fnode_modules%2Fkarma-jasmine%2Flib%2Fjasmine.js%3F437512c57124d57f5ec77e2e82bfb4e3cdd15cce%3A2187%0A%20%20%20%20at%20http%3A%2F%2Flocalhost%3A9876%2Fbase%2Fnode_modules%2Fkarma-jasmine%2Flib%2Fjasmine.js%3F437512c57124d57f5ec77e2e82bfb4e3cdd15cce%3A2167
    at /predix/predix/lili/seed-ui/public/bower_components/angular/angular.js:4471
    at forEach (/predix/predix/lili/seed-ui/public/bower_components/angular/angular.js:341)
    at loadModules (/predix/predix/lili/seed-ui/public/bower_components/angular/angular.js:4473)
    at createInjector (/predix/predix/lili/seed-ui/public/bower_components/angular/angular.js:4356)
    at workFn (/predix/predix/lili/seed-ui/public/bower_components/angular-mocks/angular-mocks.js:2464)
</failure>
      <failure type="">TypeError: &apos;undefined&apos; is not an object (evaluating &apos;$httpBackend.when&apos;)
    at /predix/predix/lili/seed-ui/public/scripts/modules/sample-module/spec/predix-asset-service-spec.js:9
</failure>
      <failure type="">TypeError: &apos;undefined&apos; is not an object (evaluating &apos;$httpBackend.flush&apos;)
    at /predix/predix/lili/seed-ui/public/scripts/modules/sample-module/spec/predix-asset-service-spec.js:9
</failure>
    </testcase>
    <testcase name="will resolve the promise with url in meta.link" time="0.001" classname="unit PhantomJS 1.9.7 (Linux 0.0.0).The Predix Asset Service with predix asset service when getting children with option link is empty">
      <failure type="">Error: [$injector:modulerr] Failed to instantiate module ngMock due to:
Error: [$injector:unpr] Unknown provider: $$asyncCallbackProvider
http://errors.angularjs.org/1.4.9/$injector/unpr?p0=%24%24asyncCallbackProvider
    at /predix/predix/lili/seed-ui/public/bower_components/angular/angular.js:4346
    at getService (/predix/predix/lili/seed-ui/public/bower_components/angular/angular.js:4494)
    at decorator (/predix/predix/lili/seed-ui/public/bower_components/angular/angular.js:4416)
    at /predix/predix/lili/seed-ui/public/bower_components/angular-mocks/angular-mocks.js:1947
    at invoke (/predix/predix/lili/seed-ui/public/bower_components/angular/angular.js:4535)
    at runInvokeQueue (/predix/predix/lili/seed-ui/public/bower_components/angular/angular.js:4441)
    at /predix/predix/lili/seed-ui/public/bower_components/angular/angular.js:4450
    at forEach (/predix/predix/lili/seed-ui/public/bower_components/angular/angular.js:341)
    at loadModules (/predix/predix/lili/seed-ui/public/bower_components/angular/angular.js:4473)
    at createInjector (/predix/predix/lili/seed-ui/public/bower_components/angular/angular.js:4356)
    at workFn (/predix/predix/lili/seed-ui/public/bower_components/angular-mocks/angular-mocks.js:2464)
http://errors.angularjs.org/1.4.9/$injector/modulerr?p0=ngMock&amp;p1=Error%3A%20%5B%24injector%3Aunpr%5D%20Unknown%20provider%3A%20%24%24asyncCallbackProvider%0Ahttp%3A%2F%2Ferrors.angularjs.org%2F1.4.9%2F%24injector%2Funpr%3Fp0%3D%2524%2524asyncCallbackProvider%0A%20%20%20%20at%20http%3A%2F%2Flocalhost%3A9876%2Fbase%2Fpublic%2Fbower_components%2Fangular%2Fangular.js%3Fe31910da13287c52bd9465004668e81e9b85d0f8%3A4346%0A%20%20%20%20at%20getService%20(http%3A%2F%2Flocalhost%3A9876%2Fbase%2Fpublic%2Fbower_components%2Fangular%2Fangular.js%3Fe31910da13287c52bd9465004668e81e9b85d0f8%3A4494)%0A%20%20%20%20at%20decorator%20(http%3A%2F%2Flocalhost%3A9876%2Fbase%2Fpublic%2Fbower_components%2Fangular%2Fangular.js%3Fe31910da13287c52bd9465004668e81e9b85d0f8%3A4416)%0A%20%20%20%20at%20http%3A%2F%2Flocalhost%3A9876%2Fbase%2Fpublic%2Fbower_components%2Fangular-mocks%2Fangular-mocks.js%3F9e9911cea3845a1d5dec76f3cf2dfaa60fd9c669%3A1947%0A%20%20%20%20at%20invoke%20(http%3A%2F%2Flocalhost%3A9876%2Fbase%2Fpublic%2Fbower_components%2Fangular%2Fangular.js%3Fe31910da13287c52bd9465004668e81e9b85d0f8%3A4535)%0A%20%20%20%20at%20runInvokeQueue%20(http%3A%2F%2Flocalhost%3A9876%2Fbase%2Fpublic%2Fbower_components%2Fangular%2Fangular.js%3Fe31910da13287c52bd9465004668e81e9b85d0f8%3A4441)%0A%20%20%20%20at%20http%3A%2F%2Flocalhost%3A9876%2Fbase%2Fpublic%2Fbower_components%2Fangular%2Fangular.js%3Fe31910da13287c52bd9465004668e81e9b85d0f8%3A4450%0A%20%20%20%20at%20forEach%20(http%3A%2F%2Flocalhost%3A9876%2Fbase%2Fpublic%2Fbower_components%2Fangular%2Fangular.js%3Fe31910da13287c52bd9465004668e81e9b85d0f8%3A341)%0A%20%20%20%20at%20loadModules%20(http%3A%2F%2Flocalhost%3A9876%2Fbase%2Fpublic%2Fbower_components%2Fangular%2Fangular.js%3Fe31910da13287c52bd9465004668e81e9b85d0f8%3A4473)%0A%20%20%20%20at%20createInjector%20(http%3A%2F%2Flocalhost%3A9876%2Fbase%2Fpublic%2Fbower_components%2Fangular%2Fangular.js%3Fe31910da13287c52bd9465004668e81e9b85d0f8%3A4356)%0A%20%20%20%20at%20workFn%20(http%3A%2F%2Flocalhost%3A9876%2Fbase%2Fpublic%2Fbower_components%2Fangular-mocks%2Fangular-mocks.js%3F9e9911cea3845a1d5dec76f3cf2dfaa60fd9c669%3A2464)%0A%20%20%20%20at%20http%3A%2F%2Flocalhost%3A9876%2Fbase%2Fnode_modules%2Fkarma-jasmine%2Flib%2Fjasmine.js%3F437512c57124d57f5ec77e2e82bfb4e3cdd15cce%3A1145%0A%20%20%20%20at%20http%3A%2F%2Flocalhost%3A9876%2Fbase%2Fnode_modules%2Fkarma-jasmine%2Flib%2Fjasmine.js%3F437512c57124d57f5ec77e2e82bfb4e3cdd15cce%3A2177%0A%20%20%20%20at%20http%3A%2F%2Flocalhost%3A9876%2Fbase%2Fnode_modules%2Fkarma-jasmine%2Flib%2Fjasmine.js%3F437512c57124d57f5ec77e2e82bfb4e3cdd15cce%3A2130%0A%20%20%20%20at%20http%3A%2F%2Flocalhost%3A9876%2Fbase%2Fnode_modules%2Fkarma-jasmine%2Flib%2Fjasmine.js%3F437512c57124d57f5ec77e2e82bfb4e3cdd15cce%3A2460%0A%20%20%20%20at%20http%3A%2F%2Flocalhost%3A9876%2Fbase%2Fnode_modules%2Fkarma-jasmine%2Flib%2Fjasmine.js%3F437512c57124d57f5ec77e2e82bfb4e3cdd15cce%3A2177%0A%20%20%20%20at%20http%3A%2F%2Flocalhost%3A9876%2Fbase%2Fnode_modules%2Fkarma-jasmine%2Flib%2Fjasmine.js%3F437512c57124d57f5ec77e2e82bfb4e3cdd15cce%3A2130%0A%20%20%20%20at%20http%3A%2F%2Flocalhost%3A9876%2Fbase%2Fnode_modules%2Fkarma-jasmine%2Flib%2Fjasmine.js%3F437512c57124d57f5ec77e2e82bfb4e3cdd15cce%3A2606%0A%20%20%20%20at%20http%3A%2F%2Flocalhost%3A9876%2Fbase%2Fnode_modules%2Fkarma-jasmine%2Flib%2Fjasmine.js%3F437512c57124d57f5ec77e2e82bfb4e3cdd15cce%3A2177%0A%20%20%20%20at%20http%3A%2F%2Flocalhost%3A9876%2Fbase%2Fnode_modules%2Fkarma-jasmine%2Flib%2Fjasmine.js%3F437512c57124d57f5ec77e2e82bfb4e3cdd15cce%3A2173%0A%20%20%20%20at%20http%3A%2F%2Flocalhost%3A9876%2Fbase%2Fnode_modules%2Fkarma-jasmine%2Flib%2Fjasmine.js%3F437512c57124d57f5ec77e2e82bfb4e3cdd15cce%3A2561%0A%20%20%20%20at%20http%3A%2F%2Flocalhost%3A9876%2Fbase%2Fnode_modules%2Fkarma-jasmine%2Flib%2Fjasmine.js%3F437512c57124d57f5ec77e2e82bfb4e3cdd15cce%3A2605%0A%20%20%20%20at%20http%3A%2F%2Flocalhost%3A9876%2Fbase%2Fnode_modules%2Fkarma-jasmine%2Flib%2Fjasmine.js%3F437512c57124d57f5ec77e2e82bfb4e3cdd15cce%3A2187%0A%20%20%20%20at%20http%3A%2F%2Flocalhost%3A9876%2Fbase%2Fnode_modules%2Fkarma-jasmine%2Flib%2Fjasmine.js%3F437512c57124d57f5ec77e2e82bfb4e3cdd15cce%3A2173%0A%20%20%20%20at%20http%3A%2F%2Flocalhost%3A9876%2Fbase%2Fnode_modules%2Fkarma-jasmine%2Flib%2Fjasmine.js%3F437512c57124d57f5ec77e2e82bfb4e3cdd15cce%3A2432%0A%20%20%20%20at%20http%3A%2F%2Flocalhost%3A9876%2Fbase%2Fnode_modules%2Fkarma-jasmine%2Flib%2Fjasmine.js%3F437512c57124d57f5ec77e2e82bfb4e3cdd15cce%3A2459%0A%20%20%20%20at%20http%3A%2F%2Flocalhost%3A9876%2Fbase%2Fnode_modules%2Fkarma-jasmine%2Flib%2Fjasmine.js%3F437512c57124d57f5ec77e2e82bfb4e3cdd15cce%3A2187%0A%20%20%20%20at%20http%3A%2F%2Flocalhost%3A9876%2Fbase%2Fnode_modules%2Fkarma-jasmine%2Flib%2Fjasmine.js%3F437512c57124d57f5ec77e2e82bfb4e3cdd15cce%3A2167
    at /predix/predix/lili/seed-ui/public/bower_components/angular/angular.js:4471
    at forEach (/predix/predix/lili/seed-ui/public/bower_components/angular/angular.js:341)
    at loadModules (/predix/predix/lili/seed-ui/public/bower_components/angular/angular.js:4473)
    at createInjector (/predix/predix/lili/seed-ui/public/bower_components/angular/angular.js:4356)
    at workFn (/predix/predix/lili/seed-ui/public/bower_components/angular-mocks/angular-mocks.js:2464)
</failure>
      <failure type="">TypeError: &apos;undefined&apos; is not an object (evaluating &apos;PredixAssetService.getAssetsByParentId&apos;)
    at /predix/predix/lili/seed-ui/public/scripts/modules/sample-module/spec/predix-asset-service-spec.js:9
</failure>
      <failure type="">TypeError: &apos;undefined&apos; is not an object (evaluating &apos;successCallback.calls[0].args&apos;)
    at /predix/predix/lili/seed-ui/public/scripts/modules/sample-module/spec/predix-asset-service-spec.js:9
</failure>
    </testcase>
    <testcase name="reject promise if the GET fails" time="0.001" classname="unit PhantomJS 1.9.7 (Linux 0.0.0).The Predix Asset Service with predix asset service when response fails getting the children of a node">
      <failure type="">Error: [$injector:modulerr] Failed to instantiate module ngMock due to:
Error: [$injector:unpr] Unknown provider: $$asyncCallbackProvider
http://errors.angularjs.org/1.4.9/$injector/unpr?p0=%24%24asyncCallbackProvider
    at /predix/predix/lili/seed-ui/public/bower_components/angular/angular.js:4346
    at getService (/predix/predix/lili/seed-ui/public/bower_components/angular/angular.js:4494)
    at decorator (/predix/predix/lili/seed-ui/public/bower_components/angular/angular.js:4416)
    at /predix/predix/lili/seed-ui/public/bower_components/angular-mocks/angular-mocks.js:1947
    at invoke (/predix/predix/lili/seed-ui/public/bower_components/angular/angular.js:4535)
    at runInvokeQueue (/predix/predix/lili/seed-ui/public/bower_components/angular/angular.js:4441)
    at /predix/predix/lili/seed-ui/public/bower_components/angular/angular.js:4450
    at forEach (/predix/predix/lili/seed-ui/public/bower_components/angular/angular.js:341)
    at loadModules (/predix/predix/lili/seed-ui/public/bower_components/angular/angular.js:4473)
    at createInjector (/predix/predix/lili/seed-ui/public/bower_components/angular/angular.js:4356)
    at workFn (/predix/predix/lili/seed-ui/public/bower_components/angular-mocks/angular-mocks.js:2464)
http://errors.angularjs.org/1.4.9/$injector/modulerr?p0=ngMock&amp;p1=Error%3A%20%5B%24injector%3Aunpr%5D%20Unknown%20provider%3A%20%24%24asyncCallbackProvider%0Ahttp%3A%2F%2Ferrors.angularjs.org%2F1.4.9%2F%24injector%2Funpr%3Fp0%3D%2524%2524asyncCallbackProvider%0A%20%20%20%20at%20http%3A%2F%2Flocalhost%3A9876%2Fbase%2Fpublic%2Fbower_components%2Fangular%2Fangular.js%3Fe31910da13287c52bd9465004668e81e9b85d0f8%3A4346%0A%20%20%20%20at%20getService%20(http%3A%2F%2Flocalhost%3A9876%2Fbase%2Fpublic%2Fbower_components%2Fangular%2Fangular.js%3Fe31910da13287c52bd9465004668e81e9b85d0f8%3A4494)%0A%20%20%20%20at%20decorator%20(http%3A%2F%2Flocalhost%3A9876%2Fbase%2Fpublic%2Fbower_components%2Fangular%2Fangular.js%3Fe31910da13287c52bd9465004668e81e9b85d0f8%3A4416)%0A%20%20%20%20at%20http%3A%2F%2Flocalhost%3A9876%2Fbase%2Fpublic%2Fbower_components%2Fangular-mocks%2Fangular-mocks.js%3F9e9911cea3845a1d5dec76f3cf2dfaa60fd9c669%3A1947%0A%20%20%20%20at%20invoke%20(http%3A%2F%2Flocalhost%3A9876%2Fbase%2Fpublic%2Fbower_components%2Fangular%2Fangular.js%3Fe31910da13287c52bd9465004668e81e9b85d0f8%3A4535)%0A%20%20%20%20at%20runInvokeQueue%20(http%3A%2F%2Flocalhost%3A9876%2Fbase%2Fpublic%2Fbower_components%2Fangular%2Fangular.js%3Fe31910da13287c52bd9465004668e81e9b85d0f8%3A4441)%0A%20%20%20%20at%20http%3A%2F%2Flocalhost%3A9876%2Fbase%2Fpublic%2Fbower_components%2Fangular%2Fangular.js%3Fe31910da13287c52bd9465004668e81e9b85d0f8%3A4450%0A%20%20%20%20at%20forEach%20(http%3A%2F%2Flocalhost%3A9876%2Fbase%2Fpublic%2Fbower_components%2Fangular%2Fangular.js%3Fe31910da13287c52bd9465004668e81e9b85d0f8%3A341)%0A%20%20%20%20at%20loadModules%20(http%3A%2F%2Flocalhost%3A9876%2Fbase%2Fpublic%2Fbower_components%2Fangular%2Fangular.js%3Fe31910da13287c52bd9465004668e81e9b85d0f8%3A4473)%0A%20%20%20%20at%20createInjector%20(http%3A%2F%2Flocalhost%3A9876%2Fbase%2Fpublic%2Fbower_components%2Fangular%2Fangular.js%3Fe31910da13287c52bd9465004668e81e9b85d0f8%3A4356)%0A%20%20%20%20at%20workFn%20(http%3A%2F%2Flocalhost%3A9876%2Fbase%2Fpublic%2Fbower_components%2Fangular-mocks%2Fangular-mocks.js%3F9e9911cea3845a1d5dec76f3cf2dfaa60fd9c669%3A2464)%0A%20%20%20%20at%20http%3A%2F%2Flocalhost%3A9876%2Fbase%2Fnode_modules%2Fkarma-jasmine%2Flib%2Fjasmine.js%3F437512c57124d57f5ec77e2e82bfb4e3cdd15cce%3A1145%0A%20%20%20%20at%20http%3A%2F%2Flocalhost%3A9876%2Fbase%2Fnode_modules%2Fkarma-jasmine%2Flib%2Fjasmine.js%3F437512c57124d57f5ec77e2e82bfb4e3cdd15cce%3A2177%0A%20%20%20%20at%20http%3A%2F%2Flocalhost%3A9876%2Fbase%2Fnode_modules%2Fkarma-jasmine%2Flib%2Fjasmine.js%3F437512c57124d57f5ec77e2e82bfb4e3cdd15cce%3A2130%0A%20%20%20%20at%20http%3A%2F%2Flocalhost%3A9876%2Fbase%2Fnode_modules%2Fkarma-jasmine%2Flib%2Fjasmine.js%3F437512c57124d57f5ec77e2e82bfb4e3cdd15cce%3A2460%0A%20%20%20%20at%20http%3A%2F%2Flocalhost%3A9876%2Fbase%2Fnode_modules%2Fkarma-jasmine%2Flib%2Fjasmine.js%3F437512c57124d57f5ec77e2e82bfb4e3cdd15cce%3A2177%0A%20%20%20%20at%20http%3A%2F%2Flocalhost%3A9876%2Fbase%2Fnode_modules%2Fkarma-jasmine%2Flib%2Fjasmine.js%3F437512c57124d57f5ec77e2e82bfb4e3cdd15cce%3A2130%0A%20%20%20%20at%20http%3A%2F%2Flocalhost%3A9876%2Fbase%2Fnode_modules%2Fkarma-jasmine%2Flib%2Fjasmine.js%3F437512c57124d57f5ec77e2e82bfb4e3cdd15cce%3A2606%0A%20%20%20%20at%20http%3A%2F%2Flocalhost%3A9876%2Fbase%2Fnode_modules%2Fkarma-jasmine%2Flib%2Fjasmine.js%3F437512c57124d57f5ec77e2e82bfb4e3cdd15cce%3A2177%0A%20%20%20%20at%20http%3A%2F%2Flocalhost%3A9876%2Fbase%2Fnode_modules%2Fkarma-jasmine%2Flib%2Fjasmine.js%3F437512c57124d57f5ec77e2e82bfb4e3cdd15cce%3A2173%0A%20%20%20%20at%20http%3A%2F%2Flocalhost%3A9876%2Fbase%2Fnode_modules%2Fkarma-jasmine%2Flib%2Fjasmine.js%3F437512c57124d57f5ec77e2e82bfb4e3cdd15cce%3A2561%0A%20%20%20%20at%20http%3A%2F%2Flocalhost%3A9876%2Fbase%2Fnode_modules%2Fkarma-jasmine%2Flib%2Fjasmine.js%3F437512c57124d57f5ec77e2e82bfb4e3cdd15cce%3A2605%0A%20%20%20%20at%20http%3A%2F%2Flocalhost%3A9876%2Fbase%2Fnode_modules%2Fkarma-jasmine%2Flib%2Fjasmine.js%3F437512c57124d57f5ec77e2e82bfb4e3cdd15cce%3A2187%0A%20%20%20%20at%20http%3A%2F%2Flocalhost%3A9876%2Fbase%2Fnode_modules%2Fkarma-jasmine%2Flib%2Fjasmine.js%3F437512c57124d57f5ec77e2e82bfb4e3cdd15cce%3A2173%0A%20%20%20%20at%20http%3A%2F%2Flocalhost%3A9876%2Fbase%2Fnode_modules%2Fkarma-jasmine%2Flib%2Fjasmine.js%3F437512c57124d57f5ec77e2e82bfb4e3cdd15cce%3A2432%0A%20%20%20%20at%20http%3A%2F%2Flocalhost%3A9876%2Fbase%2Fnode_modules%2Fkarma-jasmine%2Flib%2Fjasmine.js%3F437512c57124d57f5ec77e2e82bfb4e3cdd15cce%3A2459%0A%20%20%20%20at%20http%3A%2F%2Flocalhost%3A9876%2Fbase%2Fnode_modules%2Fkarma-jasmine%2Flib%2Fjasmine.js%3F437512c57124d57f5ec77e2e82bfb4e3cdd15cce%3A2187%0A%20%20%20%20at%20http%3A%2F%2Flocalhost%3A9876%2Fbase%2Fnode_modules%2Fkarma-jasmine%2Flib%2Fjasmine.js%3F437512c57124d57f5ec77e2e82bfb4e3cdd15cce%3A2167
    at /predix/predix/lili/seed-ui/public/bower_components/angular/angular.js:4471
    at forEach (/predix/predix/lili/seed-ui/public/bower_components/angular/angular.js:341)
    at loadModules (/predix/predix/lili/seed-ui/public/bower_components/angular/angular.js:4473)
    at createInjector (/predix/predix/lili/seed-ui/public/bower_components/angular/angular.js:4356)
    at workFn (/predix/predix/lili/seed-ui/public/bower_components/angular-mocks/angular-mocks.js:2464)
</failure>
      <failure type="">TypeError: &apos;undefined&apos; is not an object (evaluating &apos;$httpBackend.when&apos;)
    at /predix/predix/lili/seed-ui/public/scripts/modules/sample-module/spec/predix-asset-service-spec.js:9
</failure>
      <failure type="">Expected spy errorCallback to have been called with [ &apos;Error fetching asset with id 24&apos; ] but it was never called.
</failure>
    </testcase>
    <testcase name="should render the version" time="0.005" classname="unit PhantomJS 1.9.7 (Linux 0.0.0).appVersion directive">
      <failure type="">Error: [$injector:modulerr] Failed to instantiate module ngMock due to:
Error: [$injector:unpr] Unknown provider: $$asyncCallbackProvider
http://errors.angularjs.org/1.4.9/$injector/unpr?p0=%24%24asyncCallbackProvider
    at /predix/predix/lili/seed-ui/public/bower_components/angular/angular.js:4346
    at getService (/predix/predix/lili/seed-ui/public/bower_components/angular/angular.js:4494)
    at decorator (/predix/predix/lili/seed-ui/public/bower_components/angular/angular.js:4416)
    at /predix/predix/lili/seed-ui/public/bower_components/angular-mocks/angular-mocks.js:1947
    at invoke (/predix/predix/lili/seed-ui/public/bower_components/angular/angular.js:4535)
    at runInvokeQueue (/predix/predix/lili/seed-ui/public/bower_components/angular/angular.js:4441)
    at /predix/predix/lili/seed-ui/public/bower_components/angular/angular.js:4450
    at forEach (/predix/predix/lili/seed-ui/public/bower_components/angular/angular.js:341)
    at loadModules (/predix/predix/lili/seed-ui/public/bower_components/angular/angular.js:4473)
    at createInjector (/predix/predix/lili/seed-ui/public/bower_components/angular/angular.js:4356)
    at workFn (/predix/predix/lili/seed-ui/public/bower_components/angular-mocks/angular-mocks.js:2464)
http://errors.angularjs.org/1.4.9/$injector/modulerr?p0=ngMock&amp;p1=Error%3A%20%5B%24injector%3Aunpr%5D%20Unknown%20provider%3A%20%24%24asyncCallbackProvider%0Ahttp%3A%2F%2Ferrors.angularjs.org%2F1.4.9%2F%24injector%2Funpr%3Fp0%3D%2524%2524asyncCallbackProvider%0A%20%20%20%20at%20http%3A%2F%2Flocalhost%3A9876%2Fbase%2Fpublic%2Fbower_components%2Fangular%2Fangular.js%3Fe31910da13287c52bd9465004668e81e9b85d0f8%3A4346%0A%20%20%20%20at%20getService%20(http%3A%2F%2Flocalhost%3A9876%2Fbase%2Fpublic%2Fbower_components%2Fangular%2Fangular.js%3Fe31910da13287c52bd9465004668e81e9b85d0f8%3A4494)%0A%20%20%20%20at%20decorator%20(http%3A%2F%2Flocalhost%3A9876%2Fbase%2Fpublic%2Fbower_components%2Fangular%2Fangular.js%3Fe31910da13287c52bd9465004668e81e9b85d0f8%3A4416)%0A%20%20%20%20at%20http%3A%2F%2Flocalhost%3A9876%2Fbase%2Fpublic%2Fbower_components%2Fangular-mocks%2Fangular-mocks.js%3F9e9911cea3845a1d5dec76f3cf2dfaa60fd9c669%3A1947%0A%20%20%20%20at%20invoke%20(http%3A%2F%2Flocalhost%3A9876%2Fbase%2Fpublic%2Fbower_components%2Fangular%2Fangular.js%3Fe31910da13287c52bd9465004668e81e9b85d0f8%3A4535)%0A%20%20%20%20at%20runInvokeQueue%20(http%3A%2F%2Flocalhost%3A9876%2Fbase%2Fpublic%2Fbower_components%2Fangular%2Fangular.js%3Fe31910da13287c52bd9465004668e81e9b85d0f8%3A4441)%0A%20%20%20%20at%20http%3A%2F%2Flocalhost%3A9876%2Fbase%2Fpublic%2Fbower_components%2Fangular%2Fangular.js%3Fe31910da13287c52bd9465004668e81e9b85d0f8%3A4450%0A%20%20%20%20at%20forEach%20(http%3A%2F%2Flocalhost%3A9876%2Fbase%2Fpublic%2Fbower_components%2Fangular%2Fangular.js%3Fe31910da13287c52bd9465004668e81e9b85d0f8%3A341)%0A%20%20%20%20at%20loadModules%20(http%3A%2F%2Flocalhost%3A9876%2Fbase%2Fpublic%2Fbower_components%2Fangular%2Fangular.js%3Fe31910da13287c52bd9465004668e81e9b85d0f8%3A4473)%0A%20%20%20%20at%20createInjector%20(http%3A%2F%2Flocalhost%3A9876%2Fbase%2Fpublic%2Fbower_components%2Fangular%2Fangular.js%3Fe31910da13287c52bd9465004668e81e9b85d0f8%3A4356)%0A%20%20%20%20at%20workFn%20(http%3A%2F%2Flocalhost%3A9876%2Fbase%2Fpublic%2Fbower_components%2Fangular-mocks%2Fangular-mocks.js%3F9e9911cea3845a1d5dec76f3cf2dfaa60fd9c669%3A2464)%0A%20%20%20%20at%20http%3A%2F%2Flocalhost%3A9876%2Fbase%2Fnode_modules%2Fkarma-jasmine%2Flib%2Fjasmine.js%3F437512c57124d57f5ec77e2e82bfb4e3cdd15cce%3A1145%0A%20%20%20%20at%20http%3A%2F%2Flocalhost%3A9876%2Fbase%2Fnode_modules%2Fkarma-jasmine%2Flib%2Fjasmine.js%3F437512c57124d57f5ec77e2e82bfb4e3cdd15cce%3A2177%0A%20%20%20%20at%20http%3A%2F%2Flocalhost%3A9876%2Fbase%2Fnode_modules%2Fkarma-jasmine%2Flib%2Fjasmine.js%3F437512c57124d57f5ec77e2e82bfb4e3cdd15cce%3A2130%0A%20%20%20%20at%20http%3A%2F%2Flocalhost%3A9876%2Fbase%2Fnode_modules%2Fkarma-jasmine%2Flib%2Fjasmine.js%3F437512c57124d57f5ec77e2e82bfb4e3cdd15cce%3A2460%0A%20%20%20%20at%20http%3A%2F%2Flocalhost%3A9876%2Fbase%2Fnode_modules%2Fkarma-jasmine%2Flib%2Fjasmine.js%3F437512c57124d57f5ec77e2e82bfb4e3cdd15cce%3A2177%0A%20%20%20%20at%20http%3A%2F%2Flocalhost%3A9876%2Fbase%2Fnode_modules%2Fkarma-jasmine%2Flib%2Fjasmine.js%3F437512c57124d57f5ec77e2e82bfb4e3cdd15cce%3A2130%0A%20%20%20%20at%20http%3A%2F%2Flocalhost%3A9876%2Fbase%2Fnode_modules%2Fkarma-jasmine%2Flib%2Fjasmine.js%3F437512c57124d57f5ec77e2e82bfb4e3cdd15cce%3A2606%0A%20%20%20%20at%20http%3A%2F%2Flocalhost%3A9876%2Fbase%2Fnode_modules%2Fkarma-jasmine%2Flib%2Fjasmine.js%3F437512c57124d57f5ec77e2e82bfb4e3cdd15cce%3A2177%0A%20%20%20%20at%20http%3A%2F%2Flocalhost%3A9876%2Fbase%2Fnode_modules%2Fkarma-jasmine%2Flib%2Fjasmine.js%3F437512c57124d57f5ec77e2e82bfb4e3cdd15cce%3A2173%0A%20%20%20%20at%20http%3A%2F%2Flocalhost%3A9876%2Fbase%2Fnode_modules%2Fkarma-jasmine%2Flib%2Fjasmine.js%3F437512c57124d57f5ec77e2e82bfb4e3cdd15cce%3A2561%0A%20%20%20%20at%20http%3A%2F%2Flocalhost%3A9876%2Fbase%2Fnode_modules%2Fkarma-jasmine%2Flib%2Fjasmine.js%3F437512c57124d57f5ec77e2e82bfb4e3cdd15cce%3A2605%0A%20%20%20%20at%20http%3A%2F%2Flocalhost%3A9876%2Fbase%2Fnode_modules%2Fkarma-jasmine%2Flib%2Fjasmine.js%3F437512c57124d57f5ec77e2e82bfb4e3cdd15cce%3A2187%0A%20%20%20%20at%20http%3A%2F%2Flocalhost%3A9876%2Fbase%2Fnode_modules%2Fkarma-jasmine%2Flib%2Fjasmine.js%3F437512c57124d57f5ec77e2e82bfb4e3cdd15cce%3A2173%0A%20%20%20%20at%20http%3A%2F%2Flocalhost%3A9876%2Fbase%2Fnode_modules%2Fkarma-jasmine%2Flib%2Fjasmine.js%3F437512c57124d57f5ec77e2e82bfb4e3cdd15cce%3A2561%0A%20%20%20%20at%20http%3A%2F%2Flocalhost%3A9876%2Fbase%2Fnode_modules%2Fkarma-jasmine%2Flib%2Fjasmine.js%3F437512c57124d57f5ec77e2e82bfb4e3cdd15cce%3A2605%0A%20%20%20%20at%20http%3A%2F%2Flocalhost%3A9876%2Fbase%2Fnode_modules%2Fkarma-jasmine%2Flib%2Fjasmine.js%3F437512c57124d57f5ec77e2e82bfb4e3cdd15cce%3A2187%0A%20%20%20%20at%20http%3A%2F%2Flocalhost%3A9876%2Fbase%2Fnode_modules%2Fkarma-jasmine%2Flib%2Fjasmine.js%3F437512c57124d57f5ec77e2e82bfb4e3cdd15cce%3A2173%0A%20%20%20%20at%20http%3A%2F%2Flocalhost%3A9876%2Fbase%2Fnode_modules%2Fkarma-jasmine%2Flib%2Fjasmine.js%3F437512c57124d57f5ec77e2e82bfb4e3cdd15cce%3A2561%0A%20%20%20%20at%20http%3A%2F%2Flocalhost%3A9876%2Fbase%2Fnode_modules%2Fkarma-jasmine%2Flib%2Fjasmine.js%3F437512c57124d57f5ec77e2e82bfb4e3cdd15cce%3A2605%0A%20%20%20%20at%20http%3A%2F%2Flocalhost%3A9876%2Fbase%2Fnode_modules%2Fkarma-jasmine%2Flib%2Fjasmine.js%3F437512c57124d57f5ec77e2e82bfb4e3cdd15cce%3A2187%0A%20%20%20%20at%20http%3A%2F%2Flocalhost%3A9876%2Fbase%2Fnode_modules%2Fkarma-jasmine%2Flib%2Fjasmine.js%3F437512c57124d57f5ec77e2e82bfb4e3cdd15cce%3A2173%0A%20%20%20%20at%20http%3A%2F%2Flocalhost%3A9876%2Fbase%2Fnode_modules%2Fkarma-jasmine%2Flib%2Fjasmine.js%3F437512c57124d57f5ec77e2e82bfb4e3cdd15cce%3A2432%0A%20%20%20%20at%20http%3A%2F%2Flocalhost%3A9876%2Fbase%2Fnode_modules%2Fkarma-jasmine%2Flib%2Fjasmine.js%3F437512c57124d57f5ec77e2e82bfb4e3cdd15cce%3A2459%0A%20%20%20%20at%20http%3A%2F%2Flocalhost%3A9876%2Fbase%2Fnode_modules%2Fkarma-jasmine%2Flib%2Fjasmine.js%3F437512c57124d57f5ec77e2e82bfb4e3cdd15cce%3A2187%0A%20%20%20%20at%20http%3A%2F%2Flocalhost%3A9876%2Fbase%2Fnode_modules%2Fkarma-jasmine%2Flib%2Fjasmine.js%3F437512c57124d57f5ec77e2e82bfb4e3cdd15cce%3A2167
    at /predix/predix/lili/seed-ui/public/bower_components/angular/angular.js:4471
    at forEach (/predix/predix/lili/seed-ui/public/bower_components/angular/angular.js:341)
    at loadModules (/predix/predix/lili/seed-ui/public/bower_components/angular/angular.js:4473)
    at createInjector (/predix/predix/lili/seed-ui/public/bower_components/angular/angular.js:4356)
    at workFn (/predix/predix/lili/seed-ui/public/bower_components/angular-mocks/angular-mocks.js:2464)
</failure>
      <failure type="">TypeError: &apos;undefined&apos; is not a function (evaluating &apos;$compile(&apos;&lt;app-version&gt;&lt;/app-version&gt;&apos;)&apos;)
    at /predix/predix/lili/seed-ui/public/scripts/modules/sample-module/spec/sample-directive-spec.js:9
</failure>
    </testcase>
    <testcase name="should return the version" time="0.001" classname="unit PhantomJS 1.9.7 (Linux 0.0.0).version service">
      <failure type="">Error: [$injector:modulerr] Failed to instantiate module ngMock due to:
Error: [$injector:unpr] Unknown provider: $$asyncCallbackProvider
http://errors.angularjs.org/1.4.9/$injector/unpr?p0=%24%24asyncCallbackProvider
    at /predix/predix/lili/seed-ui/public/bower_components/angular/angular.js:4346
    at getService (/predix/predix/lili/seed-ui/public/bower_components/angular/angular.js:4494)
    at decorator (/predix/predix/lili/seed-ui/public/bower_components/angular/angular.js:4416)
    at /predix/predix/lili/seed-ui/public/bower_components/angular-mocks/angular-mocks.js:1947
    at invoke (/predix/predix/lili/seed-ui/public/bower_components/angular/angular.js:4535)
    at runInvokeQueue (/predix/predix/lili/seed-ui/public/bower_components/angular/angular.js:4441)
    at /predix/predix/lili/seed-ui/public/bower_components/angular/angular.js:4450
    at forEach (/predix/predix/lili/seed-ui/public/bower_components/angular/angular.js:341)
    at loadModules (/predix/predix/lili/seed-ui/public/bower_components/angular/angular.js:4473)
    at createInjector (/predix/predix/lili/seed-ui/public/bower_components/angular/angular.js:4356)
    at workFn (/predix/predix/lili/seed-ui/public/bower_components/angular-mocks/angular-mocks.js:2464)
http://errors.angularjs.org/1.4.9/$injector/modulerr?p0=ngMock&amp;p1=Error%3A%20%5B%24injector%3Aunpr%5D%20Unknown%20provider%3A%20%24%24asyncCallbackProvider%0Ahttp%3A%2F%2Ferrors.angularjs.org%2F1.4.9%2F%24injector%2Funpr%3Fp0%3D%2524%2524asyncCallbackProvider%0A%20%20%20%20at%20http%3A%2F%2Flocalhost%3A9876%2Fbase%2Fpublic%2Fbower_components%2Fangular%2Fangular.js%3Fe31910da13287c52bd9465004668e81e9b85d0f8%3A4346%0A%20%20%20%20at%20getService%20(http%3A%2F%2Flocalhost%3A9876%2Fbase%2Fpublic%2Fbower_components%2Fangular%2Fangular.js%3Fe31910da13287c52bd9465004668e81e9b85d0f8%3A4494)%0A%20%20%20%20at%20decorator%20(http%3A%2F%2Flocalhost%3A9876%2Fbase%2Fpublic%2Fbower_components%2Fangular%2Fangular.js%3Fe31910da13287c52bd9465004668e81e9b85d0f8%3A4416)%0A%20%20%20%20at%20http%3A%2F%2Flocalhost%3A9876%2Fbase%2Fpublic%2Fbower_components%2Fangular-mocks%2Fangular-mocks.js%3F9e9911cea3845a1d5dec76f3cf2dfaa60fd9c669%3A1947%0A%20%20%20%20at%20invoke%20(http%3A%2F%2Flocalhost%3A9876%2Fbase%2Fpublic%2Fbower_components%2Fangular%2Fangular.js%3Fe31910da13287c52bd9465004668e81e9b85d0f8%3A4535)%0A%20%20%20%20at%20runInvokeQueue%20(http%3A%2F%2Flocalhost%3A9876%2Fbase%2Fpublic%2Fbower_components%2Fangular%2Fangular.js%3Fe31910da13287c52bd9465004668e81e9b85d0f8%3A4441)%0A%20%20%20%20at%20http%3A%2F%2Flocalhost%3A9876%2Fbase%2Fpublic%2Fbower_components%2Fangular%2Fangular.js%3Fe31910da13287c52bd9465004668e81e9b85d0f8%3A4450%0A%20%20%20%20at%20forEach%20(http%3A%2F%2Flocalhost%3A9876%2Fbase%2Fpublic%2Fbower_components%2Fangular%2Fangular.js%3Fe31910da13287c52bd9465004668e81e9b85d0f8%3A341)%0A%20%20%20%20at%20loadModules%20(http%3A%2F%2Flocalhost%3A9876%2Fbase%2Fpublic%2Fbower_components%2Fangular%2Fangular.js%3Fe31910da13287c52bd9465004668e81e9b85d0f8%3A4473)%0A%20%20%20%20at%20createInjector%20(http%3A%2F%2Flocalhost%3A9876%2Fbase%2Fpublic%2Fbower_components%2Fangular%2Fangular.js%3Fe31910da13287c52bd9465004668e81e9b85d0f8%3A4356)%0A%20%20%20%20at%20workFn%20(http%3A%2F%2Flocalhost%3A9876%2Fbase%2Fpublic%2Fbower_components%2Fangular-mocks%2Fangular-mocks.js%3F9e9911cea3845a1d5dec76f3cf2dfaa60fd9c669%3A2464)%0A%20%20%20%20at%20http%3A%2F%2Flocalhost%3A9876%2Fbase%2Fnode_modules%2Fkarma-jasmine%2Flib%2Fjasmine.js%3F437512c57124d57f5ec77e2e82bfb4e3cdd15cce%3A1145%0A%20%20%20%20at%20http%3A%2F%2Flocalhost%3A9876%2Fbase%2Fnode_modules%2Fkarma-jasmine%2Flib%2Fjasmine.js%3F437512c57124d57f5ec77e2e82bfb4e3cdd15cce%3A2177%0A%20%20%20%20at%20http%3A%2F%2Flocalhost%3A9876%2Fbase%2Fnode_modules%2Fkarma-jasmine%2Flib%2Fjasmine.js%3F437512c57124d57f5ec77e2e82bfb4e3cdd15cce%3A2130%0A%20%20%20%20at%20http%3A%2F%2Flocalhost%3A9876%2Fbase%2Fnode_modules%2Fkarma-jasmine%2Flib%2Fjasmine.js%3F437512c57124d57f5ec77e2e82bfb4e3cdd15cce%3A2460%0A%20%20%20%20at%20http%3A%2F%2Flocalhost%3A9876%2Fbase%2Fnode_modules%2Fkarma-jasmine%2Flib%2Fjasmine.js%3F437512c57124d57f5ec77e2e82bfb4e3cdd15cce%3A2177%0A%20%20%20%20at%20http%3A%2F%2Flocalhost%3A9876%2Fbase%2Fnode_modules%2Fkarma-jasmine%2Flib%2Fjasmine.js%3F437512c57124d57f5ec77e2e82bfb4e3cdd15cce%3A2130%0A%20%20%20%20at%20http%3A%2F%2Flocalhost%3A9876%2Fbase%2Fnode_modules%2Fkarma-jasmine%2Flib%2Fjasmine.js%3F437512c57124d57f5ec77e2e82bfb4e3cdd15cce%3A2606%0A%20%20%20%20at%20http%3A%2F%2Flocalhost%3A9876%2Fbase%2Fnode_modules%2Fkarma-jasmine%2Flib%2Fjasmine.js%3F437512c57124d57f5ec77e2e82bfb4e3cdd15cce%3A2177%0A%20%20%20%20at%20http%3A%2F%2Flocalhost%3A9876%2Fbase%2Fnode_modules%2Fkarma-jasmine%2Flib%2Fjasmine.js%3F437512c57124d57f5ec77e2e82bfb4e3cdd15cce%3A2173%0A%20%20%20%20at%20http%3A%2F%2Flocalhost%3A9876%2Fbase%2Fnode_modules%2Fkarma-jasmine%2Flib%2Fjasmine.js%3F437512c57124d57f5ec77e2e82bfb4e3cdd15cce%3A2561%0A%20%20%20%20at%20http%3A%2F%2Flocalhost%3A9876%2Fbase%2Fnode_modules%2Fkarma-jasmine%2Flib%2Fjasmine.js%3F437512c57124d57f5ec77e2e82bfb4e3cdd15cce%3A2605%0A%20%20%20%20at%20http%3A%2F%2Flocalhost%3A9876%2Fbase%2Fnode_modules%2Fkarma-jasmine%2Flib%2Fjasmine.js%3F437512c57124d57f5ec77e2e82bfb4e3cdd15cce%3A2187%0A%20%20%20%20at%20http%3A%2F%2Flocalhost%3A9876%2Fbase%2Fnode_modules%2Fkarma-jasmine%2Flib%2Fjasmine.js%3F437512c57124d57f5ec77e2e82bfb4e3cdd15cce%3A2173%0A%20%20%20%20at%20http%3A%2F%2Flocalhost%3A9876%2Fbase%2Fnode_modules%2Fkarma-jasmine%2Flib%2Fjasmine.js%3F437512c57124d57f5ec77e2e82bfb4e3cdd15cce%3A2561%0A%20%20%20%20at%20http%3A%2F%2Flocalhost%3A9876%2Fbase%2Fnode_modules%2Fkarma-jasmine%2Flib%2Fjasmine.js%3F437512c57124d57f5ec77e2e82bfb4e3cdd15cce%3A2605%0A%20%20%20%20at%20http%3A%2F%2Flocalhost%3A9876%2Fbase%2Fnode_modules%2Fkarma-jasmine%2Flib%2Fjasmine.js%3F437512c57124d57f5ec77e2e82bfb4e3cdd15cce%3A2187%0A%20%20%20%20at%20http%3A%2F%2Flocalhost%3A9876%2Fbase%2Fnode_modules%2Fkarma-jasmine%2Flib%2Fjasmine.js%3F437512c57124d57f5ec77e2e82bfb4e3cdd15cce%3A2173%0A%20%20%20%20at%20http%3A%2F%2Flocalhost%3A9876%2Fbase%2Fnode_modules%2Fkarma-jasmine%2Flib%2Fjasmine.js%3F437512c57124d57f5ec77e2e82bfb4e3cdd15cce%3A2561%0A%20%20%20%20at%20http%3A%2F%2Flocalhost%3A9876%2Fbase%2Fnode_modules%2Fkarma-jasmine%2Flib%2Fjasmine.js%3F437512c57124d57f5ec77e2e82bfb4e3cdd15cce%3A2605%0A%20%20%20%20at%20http%3A%2F%2Flocalhost%3A9876%2Fbase%2Fnode_modules%2Fkarma-jasmine%2Flib%2Fjasmine.js%3F437512c57124d57f5ec77e2e82bfb4e3cdd15cce%3A2187%0A%20%20%20%20at%20http%3A%2F%2Flocalhost%3A9876%2Fbase%2Fnode_modules%2Fkarma-jasmine%2Flib%2Fjasmine.js%3F437512c57124d57f5ec77e2e82bfb4e3cdd15cce%3A2173%0A%20%20%20%20at%20http%3A%2F%2Flocalhost%3A9876%2Fbase%2Fnode_modules%2Fkarma-jasmine%2Flib%2Fjasmine.js%3F437512c57124d57f5ec77e2e82bfb4e3cdd15cce%3A2432%0A%20%20%20%20at%20http%3A%2F%2Flocalhost%3A9876%2Fbase%2Fnode_modules%2Fkarma-jasmine%2Flib%2Fjasmine.js%3F437512c57124d57f5ec77e2e82bfb4e3cdd15cce%3A2459%0A%20%20%20%20at%20http%3A%2F%2Flocalhost%3A9876%2Fbase%2Fnode_modules%2Fkarma-jasmine%2Flib%2Fjasmine.js%3F437512c57124d57f5ec77e2e82bfb4e3cdd15cce%3A2187%0A%20%20%20%20at%20http%3A%2F%2Flocalhost%3A9876%2Fbase%2Fnode_modules%2Fkarma-jasmine%2Flib%2Fjasmine.js%3F437512c57124d57f5ec77e2e82bfb4e3cdd15cce%3A2167
    at /predix/predix/lili/seed-ui/public/bower_components/angular/angular.js:4471
    at forEach (/predix/predix/lili/seed-ui/public/bower_components/angular/angular.js:341)
    at loadModules (/predix/predix/lili/seed-ui/public/bower_components/angular/angular.js:4473)
    at createInjector (/predix/predix/lili/seed-ui/public/bower_components/angular/angular.js:4356)
    at workFn (/predix/predix/lili/seed-ui/public/bower_components/angular-mocks/angular-mocks.js:2464)
</failure>
      <failure type="">Expected undefined to be &apos;0.1&apos;.
</failure>
    </testcase>
    <testcase name="will fetch deck by tag values" time="0.002" classname="unit PhantomJS 1.9.7 (Linux 0.0.0).The Predix View Service with predix view service when getting asset by tag">
      <failure type="">Error: [$injector:modulerr] Failed to instantiate module ngMock due to:
Error: [$injector:unpr] Unknown provider: $$asyncCallbackProvider
http://errors.angularjs.org/1.4.9/$injector/unpr?p0=%24%24asyncCallbackProvider
    at /predix/predix/lili/seed-ui/public/bower_components/angular/angular.js:4346
    at getService (/predix/predix/lili/seed-ui/public/bower_components/angular/angular.js:4494)
    at decorator (/predix/predix/lili/seed-ui/public/bower_components/angular/angular.js:4416)
    at /predix/predix/lili/seed-ui/public/bower_components/angular-mocks/angular-mocks.js:1947
    at invoke (/predix/predix/lili/seed-ui/public/bower_components/angular/angular.js:4535)
    at runInvokeQueue (/predix/predix/lili/seed-ui/public/bower_components/angular/angular.js:4441)
    at /predix/predix/lili/seed-ui/public/bower_components/angular/angular.js:4450
    at forEach (/predix/predix/lili/seed-ui/public/bower_components/angular/angular.js:341)
    at loadModules (/predix/predix/lili/seed-ui/public/bower_components/angular/angular.js:4473)
    at createInjector (/predix/predix/lili/seed-ui/public/bower_components/angular/angular.js:4356)
    at workFn (/predix/predix/lili/seed-ui/public/bower_components/angular-mocks/angular-mocks.js:2464)
http://errors.angularjs.org/1.4.9/$injector/modulerr?p0=ngMock&amp;p1=Error%3A%20%5B%24injector%3Aunpr%5D%20Unknown%20provider%3A%20%24%24asyncCallbackProvider%0Ahttp%3A%2F%2Ferrors.angularjs.org%2F1.4.9%2F%24injector%2Funpr%3Fp0%3D%2524%2524asyncCallbackProvider%0A%20%20%20%20at%20http%3A%2F%2Flocalhost%3A9876%2Fbase%2Fpublic%2Fbower_components%2Fangular%2Fangular.js%3Fe31910da13287c52bd9465004668e81e9b85d0f8%3A4346%0A%20%20%20%20at%20getService%20(http%3A%2F%2Flocalhost%3A9876%2Fbase%2Fpublic%2Fbower_components%2Fangular%2Fangular.js%3Fe31910da13287c52bd9465004668e81e9b85d0f8%3A4494)%0A%20%20%20%20at%20decorator%20(http%3A%2F%2Flocalhost%3A9876%2Fbase%2Fpublic%2Fbower_components%2Fangular%2Fangular.js%3Fe31910da13287c52bd9465004668e81e9b85d0f8%3A4416)%0A%20%20%20%20at%20http%3A%2F%2Flocalhost%3A9876%2Fbase%2Fpublic%2Fbower_components%2Fangular-mocks%2Fangular-mocks.js%3F9e9911cea3845a1d5dec76f3cf2dfaa60fd9c669%3A1947%0A%20%20%20%20at%20invoke%20(http%3A%2F%2Flocalhost%3A9876%2Fbase%2Fpublic%2Fbower_components%2Fangular%2Fangular.js%3Fe31910da13287c52bd9465004668e81e9b85d0f8%3A4535)%0A%20%20%20%20at%20runInvokeQueue%20(http%3A%2F%2Flocalhost%3A9876%2Fbase%2Fpublic%2Fbower_components%2Fangular%2Fangular.js%3Fe31910da13287c52bd9465004668e81e9b85d0f8%3A4441)%0A%20%20%20%20at%20http%3A%2F%2Flocalhost%3A9876%2Fbase%2Fpublic%2Fbower_components%2Fangular%2Fangular.js%3Fe31910da13287c52bd9465004668e81e9b85d0f8%3A4450%0A%20%20%20%20at%20forEach%20(http%3A%2F%2Flocalhost%3A9876%2Fbase%2Fpublic%2Fbower_components%2Fangular%2Fangular.js%3Fe31910da13287c52bd9465004668e81e9b85d0f8%3A341)%0A%20%20%20%20at%20loadModules%20(http%3A%2F%2Flocalhost%3A9876%2Fbase%2Fpublic%2Fbower_components%2Fangular%2Fangular.js%3Fe31910da13287c52bd9465004668e81e9b85d0f8%3A4473)%0A%20%20%20%20at%20createInjector%20(http%3A%2F%2Flocalhost%3A9876%2Fbase%2Fpublic%2Fbower_components%2Fangular%2Fangular.js%3Fe31910da13287c52bd9465004668e81e9b85d0f8%3A4356)%0A%20%20%20%20at%20workFn%20(http%3A%2F%2Flocalhost%3A9876%2Fbase%2Fpublic%2Fbower_components%2Fangular-mocks%2Fangular-mocks.js%3F9e9911cea3845a1d5dec76f3cf2dfaa60fd9c669%3A2464)%0A%20%20%20%20at%20http%3A%2F%2Flocalhost%3A9876%2Fbase%2Fnode_modules%2Fkarma-jasmine%2Flib%2Fjasmine.js%3F437512c57124d57f5ec77e2e82bfb4e3cdd15cce%3A1145%0A%20%20%20%20at%20http%3A%2F%2Flocalhost%3A9876%2Fbase%2Fnode_modules%2Fkarma-jasmine%2Flib%2Fjasmine.js%3F437512c57124d57f5ec77e2e82bfb4e3cdd15cce%3A2177%0A%20%20%20%20at%20http%3A%2F%2Flocalhost%3A9876%2Fbase%2Fnode_modules%2Fkarma-jasmine%2Flib%2Fjasmine.js%3F437512c57124d57f5ec77e2e82bfb4e3cdd15cce%3A2130%0A%20%20%20%20at%20http%3A%2F%2Flocalhost%3A9876%2Fbase%2Fnode_modules%2Fkarma-jasmine%2Flib%2Fjasmine.js%3F437512c57124d57f5ec77e2e82bfb4e3cdd15cce%3A2460%0A%20%20%20%20at%20http%3A%2F%2Flocalhost%3A9876%2Fbase%2Fnode_modules%2Fkarma-jasmine%2Flib%2Fjasmine.js%3F437512c57124d57f5ec77e2e82bfb4e3cdd15cce%3A2177%0A%20%20%20%20at%20http%3A%2F%2Flocalhost%3A9876%2Fbase%2Fnode_modules%2Fkarma-jasmine%2Flib%2Fjasmine.js%3F437512c57124d57f5ec77e2e82bfb4e3cdd15cce%3A2130%0A%20%20%20%20at%20http%3A%2F%2Flocalhost%3A9876%2Fbase%2Fnode_modules%2Fkarma-jasmine%2Flib%2Fjasmine.js%3F437512c57124d57f5ec77e2e82bfb4e3cdd15cce%3A2606%0A%20%20%20%20at%20http%3A%2F%2Flocalhost%3A9876%2Fbase%2Fnode_modules%2Fkarma-jasmine%2Flib%2Fjasmine.js%3F437512c57124d57f5ec77e2e82bfb4e3cdd15cce%3A2177%0A%20%20%20%20at%20http%3A%2F%2Flocalhost%3A9876%2Fbase%2Fnode_modules%2Fkarma-jasmine%2Flib%2Fjasmine.js%3F437512c57124d57f5ec77e2e82bfb4e3cdd15cce%3A2130%0A%20%20%20%20at%20http%3A%2F%2Flocalhost%3A9876%2Fbase%2Fnode_modules%2Fkarma-jasmine%2Flib%2Fjasmine.js%3F437512c57124d57f5ec77e2e82bfb4e3cdd15cce%3A2606%0A%20%20%20%20at%20http%3A%2F%2Flocalhost%3A9876%2Fbase%2Fnode_modules%2Fkarma-jasmine%2Flib%2Fjasmine.js%3F437512c57124d57f5ec77e2e82bfb4e3cdd15cce%3A2177%0A%20%20%20%20at%20http%3A%2F%2Flocalhost%3A9876%2Fbase%2Fnode_modules%2Fkarma-jasmine%2Flib%2Fjasmine.js%3F437512c57124d57f5ec77e2e82bfb4e3cdd15cce%3A2130%0A%20%20%20%20at%20http%3A%2F%2Flocalhost%3A9876%2Fbase%2Fnode_modules%2Fkarma-jasmine%2Flib%2Fjasmine.js%3F437512c57124d57f5ec77e2e82bfb4e3cdd15cce%3A2606%0A%20%20%20%20at%20http%3A%2F%2Flocalhost%3A9876%2Fbase%2Fnode_modules%2Fkarma-jasmine%2Flib%2Fjasmine.js%3F437512c57124d57f5ec77e2e82bfb4e3cdd15cce%3A2177%0A%20%20%20%20at%20http%3A%2F%2Flocalhost%3A9876%2Fbase%2Fnode_modules%2Fkarma-jasmine%2Flib%2Fjasmine.js%3F437512c57124d57f5ec77e2e82bfb4e3cdd15cce%3A2173%0A%20%20%20%20at%20http%3A%2F%2Flocalhost%3A9876%2Fbase%2Fnode_modules%2Fkarma-jasmine%2Flib%2Fjasmine.js%3F437512c57124d57f5ec77e2e82bfb4e3cdd15cce%3A2561%0A%20%20%20%20at%20http%3A%2F%2Flocalhost%3A9876%2Fbase%2Fnode_modules%2Fkarma-jasmine%2Flib%2Fjasmine.js%3F437512c57124d57f5ec77e2e82bfb4e3cdd15cce%3A2605%0A%20%20%20%20at%20http%3A%2F%2Flocalhost%3A9876%2Fbase%2Fnode_modules%2Fkarma-jasmine%2Flib%2Fjasmine.js%3F437512c57124d57f5ec77e2e82bfb4e3cdd15cce%3A2187%0A%20%20%20%20at%20http%3A%2F%2Flocalhost%3A9876%2Fbase%2Fnode_modules%2Fkarma-jasmine%2Flib%2Fjasmine.js%3F437512c57124d57f5ec77e2e82bfb4e3cdd15cce%3A2173%0A%20%20%20%20at%20http%3A%2F%2Flocalhost%3A9876%2Fbase%2Fnode_modules%2Fkarma-jasmine%2Flib%2Fjasmine.js%3F437512c57124d57f5ec77e2e82bfb4e3cdd15cce%3A2561%0A%20%20%20%20at%20http%3A%2F%2Flocalhost%3A9876%2Fbase%2Fnode_modules%2Fkarma-jasmine%2Flib%2Fjasmine.js%3F437512c57124d57f5ec77e2e82bfb4e3cdd15cce%3A2605%0A%20%20%20%20at%20http%3A%2F%2Flocalhost%3A9876%2Fbase%2Fnode_modules%2Fkarma-jasmine%2Flib%2Fjasmine.js%3F437512c57124d57f5ec77e2e82bfb4e3cdd15cce%3A2187%0A%20%20%20%20at%20http%3A%2F%2Flocalhost%3A9876%2Fbase%2Fnode_modules%2Fkarma-jasmine%2Flib%2Fjasmine.js%3F437512c57124d57f5ec77e2e82bfb4e3cdd15cce%3A2173%0A%20%20%20%20at%20http%3A%2F%2Flocalhost%3A9876%2Fbase%2Fnode_modules%2Fkarma-jasmine%2Flib%2Fjasmine.js%3F437512c57124d57f5ec77e2e82bfb4e3cdd15cce%3A2561%0A%20%20%20%20at%20http%3A%2F%2Flocalhost%3A9876%2Fbase%2Fnode_modules%2Fkarma-jasmine%2Flib%2Fjasmine.js%3F437512c57124d57f5ec77e2e82bfb4e3cdd15cce%3A2605%0A%20%20%20%20at%20http%3A%2F%2Flocalhost%3A9876%2Fbase%2Fnode_modules%2Fkarma-jasmine%2Flib%2Fjasmine.js%3F437512c57124d57f5ec77e2e82bfb4e3cdd15cce%3A2187%0A%20%20%20%20at%20http%3A%2F%2Flocalhost%3A9876%2Fbase%2Fnode_modules%2Fkarma-jasmine%2Flib%2Fjasmine.js%3F437512c57124d57f5ec77e2e82bfb4e3cdd15cce%3A2173%0A%20%20%20%20at%20http%3A%2F%2Flocalhost%3A9876%2Fbase%2Fnode_modules%2Fkarma-jasmine%2Flib%2Fjasmine.js%3F437512c57124d57f5ec77e2e82bfb4e3cdd15cce%3A2432%0A%20%20%20%20at%20http%3A%2F%2Flocalhost%3A9876%2Fbase%2Fnode_modules%2Fkarma-jasmine%2Flib%2Fjasmine.js%3F437512c57124d57f5ec77e2e82bfb4e3cdd15cce%3A2459%0A%20%20%20%20at%20http%3A%2F%2Flocalhost%3A9876%2Fbase%2Fnode_modules%2Fkarma-jasmine%2Flib%2Fjasmine.js%3F437512c57124d57f5ec77e2e82bfb4e3cdd15cce%3A2187%0A%20%20%20%20at%20http%3A%2F%2Flocalhost%3A9876%2Fbase%2Fnode_modules%2Fkarma-jasmine%2Flib%2Fjasmine.js%3F437512c57124d57f5ec77e2e82bfb4e3cdd15cce%3A2167
    at /predix/predix/lili/seed-ui/public/bower_components/angular/angular.js:4471
    at forEach (/predix/predix/lili/seed-ui/public/bower_components/angular/angular.js:341)
[...]
4e3cdd15cce%3A2606%0A%20%20%20%20at%20http%3A%2F%2Flocalhost%3A9876%2Fbase%2Fnode_modules%2Fkarma-jasmine%2Flib%2Fjasmine.js%3F437512c57124d57f5ec77e2e82bfb4e3cdd15cce%3A2177%0A%20%20%20%20at%20http%3A%2F%2Flocalhost%3A9876%2Fbase%2Fnode_modules%2Fkarma-jasmine%2Flib%2Fjasmine.js%3F437512c57124d57f5ec77e2e82bfb4e3cdd15cce%3A2173%0A%20%20%20%20at%20http%3A%2F%2Flocalhost%3A9876%2Fbase%2Fnode_modules%2Fkarma-jasmine%2Flib%2Fjasmine.js%3F437512c57124d57f5ec77e2e82bfb4e3cdd15cce%3A2561%0A%20%20%20%20at%20http%3A%2F%2Flocalhost%3A9876%2Fbase%2Fnode_modules%2Fkarma-jasmine%2Flib%2Fjasmine.js%3F437512c57124d57f5ec77e2e82bfb4e3cdd15cce%3A2605%0A%20%20%20%20at%20http%3A%2F%2Flocalhost%3A9876%2Fbase%2Fnode_modules%2Fkarma-jasmine%2Flib%2Fjasmine.js%3F437512c57124d57f5ec77e2e82bfb4e3cdd15cce%3A2187%0A%20%20%20%20at%20http%3A%2F%2Flocalhost%3A9876%2Fbase%2Fnode_modules%2Fkarma-jasmine%2Flib%2Fjasmine.js%3F437512c57124d57f5ec77e2e82bfb4e3cdd15cce%3A2173%0A%20%20%20%20at%20http%3A%2F%2Flocalhost%3A9876%2Fbase%2Fnode_modules%2Fkarma-jasmine%2Flib%2Fjasmine.js%3F437512c57124d57f5ec77e2e82bfb4e3cdd15cce%3A2561%0A%20%20%20%20at%20http%3A%2F%2Flocalhost%3A9876%2Fbase%2Fnode_modules%2Fkarma-jasmine%2Flib%2Fjasmine.js%3F437512c57124d57f5ec77e2e82bfb4e3cdd15cce%3A2605%0A%20%20%20%20at%20http%3A%2F%2Flocalhost%3A9876%2Fbase%2Fnode_modules%2Fkarma-jasmine%2Flib%2Fjasmine.js%3F437512c57124d57f5ec77e2e82bfb4e3cdd15cce%3A2187%0A%20%20%20%20at%20http%3A%2F%2Flocalhost%3A9876%2Fbase%2Fnode_modules%2Fkarma-jasmine%2Flib%2Fjasmine.js%3F437512c57124d57f5ec77e2e82bfb4e3cdd15cce%3A2173%0A%20%20%20%20at%20http%3A%2F%2Flocalhost%3A9876%2Fbase%2Fnode_modules%2Fkarma-jasmine%2Flib%2Fjasmine.js%3F437512c57124d57f5ec77e2e82bfb4e3cdd15cce%3A2561%0A%20%20%20%20at%20http%3A%2F%2Flocalhost%3A9876%2Fbase%2Fnode_modules%2Fkarma-jasmine%2Flib%2Fjasmine.js%3F437512c57124d57f5ec77e2e82bfb4e3cdd15cce%3A2605%0A%20%20%20%20at%20http%3A%2F%2Flocalhost%3A9876%2Fbase%2Fnode_modules%2Fkarma-jasmine%2Flib%2Fjasmine.js%3F437512c57124d57f5ec77e2e82bfb4e3cdd15cce%3A2187%0A%20%20%20%20at%20http%3A%2F%2Flocalhost%3A9876%2Fbase%2Fnode_modules%2Fkarma-jasmine%2Flib%2Fjasmine.js%3F437512c57124d57f5ec77e2e82bfb4e3cdd15cce%3A2173%0A%20%20%20%20at%20http%3A%2F%2Flocalhost%3A9876%2Fbase%2Fnode_modules%2Fkarma-jasmine%2Flib%2Fjasmine.js%3F437512c57124d57f5ec77e2e82bfb4e3cdd15cce%3A2432%0A%20%20%20%20at%20http%3A%2F%2Flocalhost%3A9876%2Fbase%2Fnode_modules%2Fkarma-jasmine%2Flib%2Fjasmine.js%3F437512c57124d57f5ec77e2e82bfb4e3cdd15cce%3A2459%0A%20%20%20%20at%20http%3A%2F%2Flocalhost%3A9876%2Fbase%2Fnode_modules%2Fkarma-jasmine%2Flib%2Fjasmine.js%3F437512c57124d57f5ec77e2e82bfb4e3cdd15cce%3A2187%0A%20%20%20%20at%20http%3A%2F%2Flocalhost%3A9876%2Fbase%2Fnode_modules%2Fkarma-jasmine%2Flib%2Fjasmine.js%3F437512c57124d57f5ec77e2e82bfb4e3cdd15cce%3A2167
    at /predix/predix/lili/seed-ui/public/bower_components/angular/angular.js:4471
    at forEach (/predix/predix/lili/seed-ui/public/bower_components/angular/angular.js:341)
    at loadModules (/predix/predix/lili/seed-ui/public/bower_components/angular/angular.js:4473)
    at createInjector (/predix/predix/lili/seed-ui/public/bower_components/angular/angular.js:4356)
    at workFn (/predix/predix/lili/seed-ui/public/bower_components/angular-mocks/angular-mocks.js:2464)
</failure>
      <failure type="">TypeError: &apos;undefined&apos; is not an object (evaluating &apos;$scope.context&apos;)
    at /predix/predix/lili/seed-ui/public/scripts/modules/sample-module/spec/sample-controller-spec.js:9
</failure>
    </testcase>
    <testcase name="should turn a string into a slug" time="0.001" classname="unit PhantomJS 1.9.7 (Linux 0.0.0).slugify filter">
      <failure type="">Error: [$injector:modulerr] Failed to instantiate module ngMock due to:
Error: [$injector:unpr] Unknown provider: $$asyncCallbackProvider
http://errors.angularjs.org/1.4.9/$injector/unpr?p0=%24%24asyncCallbackProvider
    at /predix/predix/lili/seed-ui/public/bower_components/angular/angular.js:4346
    at getService (/predix/predix/lili/seed-ui/public/bower_components/angular/angular.js:4494)
    at decorator (/predix/predix/lili/seed-ui/public/bower_components/angular/angular.js:4416)
    at /predix/predix/lili/seed-ui/public/bower_components/angular-mocks/angular-mocks.js:1947
    at invoke (/predix/predix/lili/seed-ui/public/bower_components/angular/angular.js:4535)
    at runInvokeQueue (/predix/predix/lili/seed-ui/public/bower_components/angular/angular.js:4441)
    at /predix/predix/lili/seed-ui/public/bower_components/angular/angular.js:4450
    at forEach (/predix/predix/lili/seed-ui/public/bower_components/angular/angular.js:341)
    at loadModules (/predix/predix/lili/seed-ui/public/bower_components/angular/angular.js:4473)
    at createInjector (/predix/predix/lili/seed-ui/public/bower_components/angular/angular.js:4356)
    at workFn (/predix/predix/lili/seed-ui/public/bower_components/angular-mocks/angular-mocks.js:2464)
http://errors.angularjs.org/1.4.9/$injector/modulerr?p0=ngMock&amp;p1=Error%3A%20%5B%24injector%3Aunpr%5D%20Unknown%20provider%3A%20%24%24asyncCallbackProvider%0Ahttp%3A%2F%2Ferrors.angularjs.org%2F1.4.9%2F%24injector%2Funpr%3Fp0%3D%2524%2524asyncCallbackProvider%0A%20%20%20%20at%20http%3A%2F%2Flocalhost%3A9876%2Fbase%2Fpublic%2Fbower_components%2Fangular%2Fangular.js%3Fe31910da13287c52bd9465004668e81e9b85d0f8%3A4346%0A%20%20%20%20at%20getService%20(http%3A%2F%2Flocalhost%3A9876%2Fbase%2Fpublic%2Fbower_components%2Fangular%2Fangular.js%3Fe31910da13287c52bd9465004668e81e9b85d0f8%3A4494)%0A%20%20%20%20at%20decorator%20(http%3A%2F%2Flocalhost%3A9876%2Fbase%2Fpublic%2Fbower_components%2Fangular%2Fangular.js%3Fe31910da13287c52bd9465004668e81e9b85d0f8%3A4416)%0A%20%20%20%20at%20http%3A%2F%2Flocalhost%3A9876%2Fbase%2Fpublic%2Fbower_components%2Fangular-mocks%2Fangular-mocks.js%3F9e9911cea3845a1d5dec76f3cf2dfaa60fd9c669%3A1947%0A%20%20%20%20at%20invoke%20(http%3A%2F%2Flocalhost%3A9876%2Fbase%2Fpublic%2Fbower_components%2Fangular%2Fangular.js%3Fe31910da13287c52bd9465004668e81e9b85d0f8%3A4535)%0A%20%20%20%20at%20runInvokeQueue%20(http%3A%2F%2Flocalhost%3A9876%2Fbase%2Fpublic%2Fbower_components%2Fangular%2Fangular.js%3Fe31910da13287c52bd9465004668e81e9b85d0f8%3A4441)%0A%20%20%20%20at%20http%3A%2F%2Flocalhost%3A9876%2Fbase%2Fpublic%2Fbower_components%2Fangular%2Fangular.js%3Fe31910da13287c52bd9465004668e81e9b85d0f8%3A4450%0A%20%20%20%20at%20forEach%20(http%3A%2F%2Flocalhost%3A9876%2Fbase%2Fpublic%2Fbower_components%2Fangular%2Fangular.js%3Fe31910da13287c52bd9465004668e81e9b85d0f8%3A341)%0A%20%20%20%20at%20loadModules%20(http%3A%2F%2Flocalhost%3A9876%2Fbase%2Fpublic%2Fbower_components%2Fangular%2Fangular.js%3Fe31910da13287c52bd9465004668e81e9b85d0f8%3A4473)%0A%20%20%20%20at%20createInjector%20(http%3A%2F%2Flocalhost%3A9876%2Fbase%2Fpublic%2Fbower_components%2Fangular%2Fangular.js%3Fe31910da13287c52bd9465004668e81e9b85d0f8%3A4356)%0A%20%20%20%20at%20workFn%20(http%3A%2F%2Flocalhost%3A9876%2Fbase%2Fpublic%2Fbower_components%2Fangular-mocks%2Fangular-mocks.js%3F9e9911cea3845a1d5dec76f3cf2dfaa60fd9c669%3A2464)%0A%20%20%20%20at%20http%3A%2F%2Flocalhost%3A9876%2Fbase%2Fnode_modules%2Fkarma-jasmine%2Flib%2Fjasmine.js%3F437512c57124d57f5ec77e2e82bfb4e3cdd15cce%3A1145%0A%20%20%20%20at%20http%3A%2F%2Flocalhost%3A9876%2Fbase%2Fnode_modules%2Fkarma-jasmine%2Flib%2Fjasmine.js%3F437512c57124d57f5ec77e2e82bfb4e3cdd15cce%3A2177%0A%20%20%20%20at%20http%3A%2F%2Flocalhost%3A9876%2Fbase%2Fnode_modules%2Fkarma-jasmine%2Flib%2Fjasmine.js%3F437512c57124d57f5ec77e2e82bfb4e3cdd15cce%3A2130%0A%20%20%20%20at%20http%3A%2F%2Flocalhost%3A9876%2Fbase%2Fnode_modules%2Fkarma-jasmine%2Flib%2Fjasmine.js%3F437512c57124d57f5ec77e2e82bfb4e3cdd15cce%3A2460%0A%20%20%20%20at%20http%3A%2F%2Flocalhost%3A9876%2Fbase%2Fnode_modules%2Fkarma-jasmine%2Flib%2Fjasmine.js%3F437512c57124d57f5ec77e2e82bfb4e3cdd15cce%3A2177%0A%20%20%20%20at%20http%3A%2F%2Flocalhost%3A9876%2Fbase%2Fnode_modules%2Fkarma-jasmine%2Flib%2Fjasmine.js%3F437512c57124d57f5ec77e2e82bfb4e3cdd15cce%3A2130%0A%20%20%20%20at%20http%3A%2F%2Flocalhost%3A9876%2Fbase%2Fnode_modules%2Fkarma-jasmine%2Flib%2Fjasmine.js%3F437512c57124d57f5ec77e2e82bfb4e3cdd15cce%3A2606%0A%20%20%20%20at%20http%3A%2F%2Flocalhost%3A9876%2Fbase%2Fnode_modules%2Fkarma-jasmine%2Flib%2Fjasmine.js%3F437512c57124d57f5ec77e2e82bfb4e3cdd15cce%3A2177%0A%20%20%20%20at%20http%3A%2F%2Flocalhost%3A9876%2Fbase%2Fnode_modules%2Fkarma-jasmine%2Flib%2Fjasmine.js%3F437512c57124d57f5ec77e2e82bfb4e3cdd15cce%3A2173%0A%20%20%20%20at%20http%3A%2F%2Flocalhost%3A9876%2Fbase%2Fnode_modules%2Fkarma-jasmine%2Flib%2Fjasmine.js%3F437512c57124d57f5ec77e2e82bfb4e3cdd15cce%3A2561%0A%20%20%20%20at%20http%3A%2F%2Flocalhost%3A9876%2Fbase%2Fnode_modules%2Fkarma-jasmine%2Flib%2Fjasmine.js%3F437512c57124d57f5ec77e2e82bfb4e3cdd15cce%3A2605%0A%20%20%20%20at%20http%3A%2F%2Flocalhost%3A9876%2Fbase%2Fnode_modules%2Fkarma-jasmine%2Flib%2Fjasmine.js%3F437512c57124d57f5ec77e2e82bfb4e3cdd15cce%3A2187%0A%20%20%20%20at%20http%3A%2F%2Flocalhost%3A9876%2Fbase%2Fnode_modules%2Fkarma-jasmine%2Flib%2Fjasmine.js%3F437512c57124d57f5ec77e2e82bfb4e3cdd15cce%3A2173%0A%20%20%20%20at%20http%3A%2F%2Flocalhost%3A9876%2Fbase%2Fnode_modules%2Fkarma-jasmine%2Flib%2Fjasmine.js%3F437512c57124d57f5ec77e2e82bfb4e3cdd15cce%3A2561%0A%20%20%20%20at%20http%3A%2F%2Flocalhost%3A9876%2Fbase%2Fnode_modules%2Fkarma-jasmine%2Flib%2Fjasmine.js%3F437512c57124d57f5ec77e2e82bfb4e3cdd15cce%3A2605%0A%20%20%20%20at%20http%3A%2F%2Flocalhost%3A9876%2Fbase%2Fnode_modules%2Fkarma-jasmine%2Flib%2Fjasmine.js%3F437512c57124d57f5ec77e2e82bfb4e3cdd15cce%3A2187%0A%20%20%20%20at%20http%3A%2F%2Flocalhost%3A9876%2Fbase%2Fnode_modules%2Fkarma-jasmine%2Flib%2Fjasmine.js%3F437512c57124d57f5ec77e2e82bfb4e3cdd15cce%3A2173%0A%20%20%20%20at%20http%3A%2F%2Flocalhost%3A9876%2Fbase%2Fnode_modules%2Fkarma-jasmine%2Flib%2Fjasmine.js%3F437512c57124d57f5ec77e2e82bfb4e3cdd15cce%3A2561%0A%20%20%20%20at%20http%3A%2F%2Flocalhost%3A9876%2Fbase%2Fnode_modules%2Fkarma-jasmine%2Flib%2Fjasmine.js%3F437512c57124d57f5ec77e2e82bfb4e3cdd15cce%3A2605%0A%20%20%20%20at%20http%3A%2F%2Flocalhost%3A9876%2Fbase%2Fnode_modules%2Fkarma-jasmine%2Flib%2Fjasmine.js%3F437512c57124d57f5ec77e2e82bfb4e3cdd15cce%3A2187%0A%20%20%20%20at%20http%3A%2F%2Flocalhost%3A9876%2Fbase%2Fnode_modules%2Fkarma-jasmine%2Flib%2Fjasmine.js%3F437512c57124d57f5ec77e2e82bfb4e3cdd15cce%3A2173%0A%20%20%20%20at%20http%3A%2F%2Flocalhost%3A9876%2Fbase%2Fnode_modules%2Fkarma-jasmine%2Flib%2Fjasmine.js%3F437512c57124d57f5ec77e2e82bfb4e3cdd15cce%3A2432%0A%20%20%20%20at%20http%3A%2F%2Flocalhost%3A9876%2Fbase%2Fnode_modules%2Fkarma-jasmine%2Flib%2Fjasmine.js%3F437512c57124d57f5ec77e2e82bfb4e3cdd15cce%3A2459%0A%20%20%20%20at%20http%3A%2F%2Flocalhost%3A9876%2Fbase%2Fnode_modules%2Fkarma-jasmine%2Flib%2Fjasmine.js%3F437512c57124d57f5ec77e2e82bfb4e3cdd15cce%3A2187%0A%20%20%20%20at%20http%3A%2F%2Flocalhost%3A9876%2Fbase%2Fnode_modules%2Fkarma-jasmine%2Flib%2Fjasmine.js%3F437512c57124d57f5ec77e2e82bfb4e3cdd15cce%3A2167
    at /predix/predix/lili/seed-ui/public/bower_components/angular/angular.js:4471
    at forEach (/predix/predix/lili/seed-ui/public/bower_components/angular/angular.js:341)
    at loadModules (/predix/predix/lili/seed-ui/public/bower_components/angular/angular.js:4473)
    at createInjector (/predix/predix/lili/seed-ui/public/bower_components/angular/angular.js:4356)
    at workFn (/predix/predix/lili/seed-ui/public/bower_components/angular-mocks/angular-mocks.js:2464)
</failure>
      <failure type="">TypeError: &apos;undefined&apos; is not a function (evaluating &apos;slugify(input)&apos;)
    at /predix/predix/lili/seed-ui/public/scripts/modules/sample-module/spec/sample-filter-spec.js:9
</failure>
    </testcase>
    <testcase name="should turn a string into a lowercase slug" time="0.001" classname="unit PhantomJS 1.9.7 (Linux 0.0.0).slugify filter">
      <failure type="">Error: [$injector:modulerr] Failed to instantiate module ngMock due to:
Error: [$injector:unpr] Unknown provider: $$asyncCallbackProvider
http://errors.angularjs.org/1.4.9/$injector/unpr?p0=%24%24asyncCallbackProvider
    at /predix/predix/lili/seed-ui/public/bower_components/angular/angular.js:4346
    at getService (/predix/predix/lili/seed-ui/public/bower_components/angular/angular.js:4494)
    at decorator (/predix/predix/lili/seed-ui/public/bower_components/angular/angular.js:4416)
    at /predix/predix/lili/seed-ui/public/bower_components/angular-mocks/angular-mocks.js:1947
    at invoke (/predix/predix/lili/seed-ui/public/bower_components/angular/angular.js:4535)
    at runInvokeQueue (/predix/predix/lili/seed-ui/public/bower_components/angular/angular.js:4441)
    at /predix/predix/lili/seed-ui/public/bower_components/angular/angular.js:4450
    at forEach (/predix/predix/lili/seed-ui/public/bower_components/angular/angular.js:341)
    at loadModules (/predix/predix/lili/seed-ui/public/bower_components/angular/angular.js:4473)
    at createInjector (/predix/predix/lili/seed-ui/public/bower_components/angular/angular.js:4356)
    at workFn (/predix/predix/lili/seed-ui/public/bower_components/angular-mocks/angular-mocks.js:2464)
http://errors.angularjs.org/1.4.9/$injector/modulerr?p0=ngMock&amp;p1=Error%3A%20%5B%24injector%3Aunpr%5D%20Unknown%20provider%3A%20%24%24asyncCallbackProvider%0Ahttp%3A%2F%2Ferrors.angularjs.org%2F1.4.9%2F%24injector%2Funpr%3Fp0%3D%2524%2524asyncCallbackProvider%0A%20%20%20%20at%20http%3A%2F%2Flocalhost%3A9876%2Fbase%2Fpublic%2Fbower_components%2Fangular%2Fangular.js%3Fe31910da13287c52bd9465004668e81e9b85d0f8%3A4346%0A%20%20%20%20at%20getService%20(http%3A%2F%2Flocalhost%3A9876%2Fbase%2Fpublic%2Fbower_components%2Fangular%2Fangular.js%3Fe31910da13287c52bd9465004668e81e9b85d0f8%3A4494)%0A%20%20%20%20at%20decorator%20(http%3A%2F%2Flocalhost%3A9876%2Fbase%2Fpublic%2Fbower_components%2Fangular%2Fangular.js%3Fe31910da13287c52bd9465004668e81e9b85d0f8%3A4416)%0A%20%20%20%20at%20http%3A%2F%2Flocalhost%3A9876%2Fbase%2Fpublic%2Fbower_components%2Fangular-mocks%2Fangular-mocks.js%3F9e9911cea3845a1d5dec76f3cf2dfaa60fd9c669%3A1947%0A%20%20%20%20at%20invoke%20(http%3A%2F%2Flocalhost%3A9876%2Fbase%2Fpublic%2Fbower_components%2Fangular%2Fangular.js%3Fe31910da13287c52bd9465004668e81e9b85d0f8%3A4535)%0A%20%20%20%20at%20runInvokeQueue%20(http%3A%2F%2Flocalhost%3A9876%2Fbase%2Fpublic%2Fbower_components%2Fangular%2Fangular.js%3Fe31910da13287c52bd9465004668e81e9b85d0f8%3A4441)%0A%20%20%20%20at%20http%3A%2F%2Flocalhost%3A9876%2Fbase%2Fpublic%2Fbower_components%2Fangular%2Fangular.js%3Fe31910da13287c52bd9465004668e81e9b85d0f8%3A4450%0A%20%20%20%20at%20forEach%20(http%3A%2F%2Flocalhost%3A9876%2Fbase%2Fpublic%2Fbower_components%2Fangular%2Fangular.js%3Fe31910da13287c52bd9465004668e81e9b85d0f8%3A341)%0A%20%20%20%20at%20loadModules%20(http%3A%2F%2Flocalhost%3A9876%2Fbase%2Fpublic%2Fbower_components%2Fangular%2Fangular.js%3Fe31910da13287c52bd9465004668e81e9b85d0f8%3A4473)%0A%20%20%20%20at%20createInjector%20(http%3A%2F%2Flocalhost%3A9876%2Fbase%2Fpublic%2Fbower_components%2Fangular%2Fangular.js%3Fe31910da13287c52bd9465004668e81e9b85d0f8%3A4356)%0A%20%20%20%20at%20workFn%20(http%3A%2F%2Flocalhost%3A9876%2Fbase%2Fpublic%2Fbower_components%2Fangular-mocks%2Fangular-mocks.js%3F9e9911cea3845a1d5dec76f3cf2dfaa60fd9c669%3A2464)%0A%20%20%20%20at%20http%3A%2F%2Flocalhost%3A9876%2Fbase%2Fnode_modules%2Fkarma-jasmine%2Flib%2Fjasmine.js%3F437512c57124d57f5ec77e2e82bfb4e3cdd15cce%3A1145%0A%20%20%20%20at%20http%3A%2F%2Flocalhost%3A9876%2Fbase%2Fnode_modules%2Fkarma-jasmine%2Flib%2Fjasmine.js%3F437512c57124d57f5ec77e2e82bfb4e3cdd15cce%3A2177%0A%20%20%20%20at%20http%3A%2F%2Flocalhost%3A9876%2Fbase%2Fnode_modules%2Fkarma-jasmine%2Flib%2Fjasmine.js%3F437512c57124d57f5ec77e2e82bfb4e3cdd15cce%3A2130%0A%20%20%20%20at%20http%3A%2F%2Flocalhost%3A9876%2Fbase%2Fnode_modules%2Fkarma-jasmine%2Flib%2Fjasmine.js%3F437512c57124d57f5ec77e2e82bfb4e3cdd15cce%3A2460%0A%20%20%20%20at%20http%3A%2F%2Flocalhost%3A9876%2Fbase%2Fnode_modules%2Fkarma-jasmine%2Flib%2Fjasmine.js%3F437512c57124d57f5ec77e2e82bfb4e3cdd15cce%3A2177%0A%20%20%20%20at%20http%3A%2F%2Flocalhost%3A9876%2Fbase%2Fnode_modules%2Fkarma-jasmine%2Flib%2Fjasmine.js%3F437512c57124d57f5ec77e2e82bfb4e3cdd15cce%3A2130%0A%20%20%20%20at%20http%3A%2F%2Flocalhost%3A9876%2Fbase%2Fnode_modules%2Fkarma-jasmine%2Flib%2Fjasmine.js%3F437512c57124d57f5ec77e2e82bfb4e3cdd15cce%3A2606%0A%20%20%20%20at%20http%3A%2F%2Flocalhost%3A9876%2Fbase%2Fnode_modules%2Fkarma-jasmine%2Flib%2Fjasmine.js%3F437512c57124d57f5ec77e2e82bfb4e3cdd15cce%3A2177%0A%20%20%20%20at%20http%3A%2F%2Flocalhost%3A9876%2Fbase%2Fnode_modules%2Fkarma-jasmine%2Flib%2Fjasmine.js%3F437512c57124d57f5ec77e2e82bfb4e3cdd15cce%3A2173%0A%20%20%20%20at%20http%3A%2F%2Flocalhost%3A9876%2Fbase%2Fnode_modules%2Fkarma-jasmine%2Flib%2Fjasmine.js%3F437512c57124d57f5ec77e2e82bfb4e3cdd15cce%3A2561%0A%20%20%20%20at%20http%3A%2F%2Flocalhost%3A9876%2Fbase%2Fnode_modules%2Fkarma-jasmine%2Flib%2Fjasmine.js%3F437512c57124d57f5ec77e2e82bfb4e3cdd15cce%3A2605%0A%20%20%20%20at%20http%3A%2F%2Flocalhost%3A9876%2Fbase%2Fnode_modules%2Fkarma-jasmine%2Flib%2Fjasmine.js%3F437512c57124d57f5ec77e2e82bfb4e3cdd15cce%3A2187%0A%20%20%20%20at%20http%3A%2F%2Flocalhost%3A9876%2Fbase%2Fnode_modules%2Fkarma-jasmine%2Flib%2Fjasmine.js%3F437512c57124d57f5ec77e2e82bfb4e3cdd15cce%3A2173%0A%20%20%20%20at%20http%3A%2F%2Flocalhost%3A9876%2Fbase%2Fnode_modules%2Fkarma-jasmine%2Flib%2Fjasmine.js%3F437512c57124d57f5ec77e2e82bfb4e3cdd15cce%3A2561%0A%20%20%20%20at%20http%3A%2F%2Flocalhost%3A9876%2Fbase%2Fnode_modules%2Fkarma-jasmine%2Flib%2Fjasmine.js%3F437512c57124d57f5ec77e2e82bfb4e3cdd15cce%3A2605%0A%20%20%20%20at%20http%3A%2F%2Flocalhost%3A9876%2Fbase%2Fnode_modules%2Fkarma-jasmine%2Flib%2Fjasmine.js%3F437512c57124d57f5ec77e2e82bfb4e3cdd15cce%3A2187%0A%20%20%20%20at%20http%3A%2F%2Flocalhost%3A9876%2Fbase%2Fnode_modules%2Fkarma-jasmine%2Flib%2Fjasmine.js%3F437512c57124d57f5ec77e2e82bfb4e3cdd15cce%3A2173%0A%20%20%20%20at%20http%3A%2F%2Flocalhost%3A9876%2Fbase%2Fnode_modules%2Fkarma-jasmine%2Flib%2Fjasmine.js%3F437512c57124d57f5ec77e2e82bfb4e3cdd15cce%3A2561%0A%20%20%20%20at%20http%3A%2F%2Flocalhost%3A9876%2Fbase%2Fnode_modules%2Fkarma-jasmine%2Flib%2Fjasmine.js%3F437512c57124d57f5ec77e2e82bfb4e3cdd15cce%3A2605%0A%20%20%20%20at%20http%3A%2F%2Flocalhost%3A9876%2Fbase%2Fnode_modules%2Fkarma-jasmine%2Flib%2Fjasmine.js%3F437512c57124d57f5ec77e2e82bfb4e3cdd15cce%3A2187%0A%20%20%20%20at%20http%3A%2F%2Flocalhost%3A9876%2Fbase%2Fnode_modules%2Fkarma-jasmine%2Flib%2Fjasmine.js%3F437512c57124d57f5ec77e2e82bfb4e3cdd15cce%3A2173%0A%20%20%20%20at%20http%3A%2F%2Flocalhost%3A9876%2Fbase%2Fnode_modules%2Fkarma-jasmine%2Flib%2Fjasmine.js%3F437512c57124d57f5ec77e2e82bfb4e3cdd15cce%3A2432%0A%20%20%20%20at%20http%3A%2F%2Flocalhost%3A9876%2Fbase%2Fnode_modules%2Fkarma-jasmine%2Flib%2Fjasmine.js%3F437512c57124d57f5ec77e2e82bfb4e3cdd15cce%3A2459%0A%20%20%20%20at%20http%3A%2F%2Flocalhost%3A9876%2Fbase%2Fnode_modules%2Fkarma-jasmine%2Flib%2Fjasmine.js%3F437512c57124d57f5ec77e2e82bfb4e3cdd15cce%3A2187%0A%20%20%20%20at%20http%3A%2F%2Flocalhost%3A9876%2Fbase%2Fnode_modules%2Fkarma-jasmine%2Flib%2Fjasmine.js%3F437512c57124d57f5ec77e2e82bfb4e3cdd15cce%3A2167
    at /predix/predix/lili/seed-ui/public/bower_components/angular/angular.js:4471
    at forEach (/predix/predix/lili/seed-ui/public/bower_components/angular/angular.js:341)
    at loadModules (/predix/predix/lili/seed-ui/public/bower_components/angular/angular.js:4473)
    at createInjector (/predix/predix/lili/seed-ui/public/bower_components/angular/angular.js:4356)
    at workFn (/predix/predix/lili/seed-ui/public/bower_components/angular-mocks/angular-mocks.js:2464)
</failure>
      <failure type="">TypeError: &apos;undefined&apos; is not a function (evaluating &apos;slugify(input,true)&apos;)
    at /predix/predix/lili/seed-ui/public/scripts/modules/sample-module/spec/sample-filter-spec.js:9
</failure>
    </testcase>
    <system-out><![CDATA[
]]></system-out>
    <system-err/>
  </testsuite>
</testsuites>
